#
# A fatal error has been detected by the Java Runtime Environment:
#
#  Internal Error (jvmciRuntime.cpp:1609), pid=5462, tid=5477
#  fatal error: Fatal exception in JVMCI: Error calling jdk.vm.ci.services.Services.serializeSavedProperties
#
# JRE version: OpenJDK Runtime Environment GraalVM CE 22.3.0 (17.0.5+8) (build 17.0.5+8-jvmci-22.3-b08)
# Java VM: OpenJDK 64-Bit Server VM GraalVM CE 22.3.0 (17.0.5+8-jvmci-22.3-b08, mixed mode, sharing, tiered, jvmci, jvmci compiler, compressed oops, compressed class ptrs, parallel gc, linux-amd64)
# Problematic frame:
# V  [libjvm.so+0x972714]  JVMCIRuntime::fatal_exception(JVMCIEnv*, char const*)+0x74
#
# Core dump will be written. Default location: Core dumps may be processed with "/usr/share/apport/apport -p%p -s%s -c%c -d%d -P%P -u%u -g%g -- %E" (or dumping to /home/runner/final-exam-ZimmermanTyler/core.5462)
#
# If you would like to submit a bug report, please visit:
#   https://github.com/oracle/graal/issues
#

---------------  S U M M A R Y ------------

Command Line: -XX:ThreadPriorityPolicy=1 -XX:+UnlockExperimentalVMOptions -XX:+EnableJVMCIProduct -XX:JVMCIThreadsPerNativeLibraryRuntime=1 -XX:-UnlockExperimentalVMOptions -Declipse.application=org.eclipse.jdt.ls.core.id1 -Dosgi.bundles.defaultStartLevel=4 -Declipse.product=org.eclipse.jdt.ls.core.product -Dlog.level=ALL -Xverify:none -XX:+UseParallelGC -XX:GCTimeRatio=4 -XX:AdaptiveSizePolicyWeight=90 -Dsun.zip.disableMemoryMapping=true -Xmx512m -Xms100m /nix/store/m6gcpi1ii6rghy04cjwjddcavv7i90df-jdt-language-server-1.9.0/share/java/plugins/org.eclipse.equinox.launcher_1.6.400.v20210924-0641.jar --add-modules=ALL-SYSTEM --add-opens java.base/java.util=ALL-UNNAMED --add-opens java.base/java.lang=ALL-UNNAMED -configuration /home/runner/.cache/jdt-language-server/config -data /home/runner/.cache/jdt-language-server/data/home/runner/final-exam-ZimmermanTyler

Host: AMD EPYC 7B12, 8 cores, 1G, Ubuntu 20.04.2 LTS
Time: Wed May  3 14:33:32 2023 UTC elapsed time: 1855.309110 seconds (0d 0h 30m 55s)

---------------  T H R E A D  ---------------

Current thread (0x00007f51940b2200):  JavaThread "JVMCI-native CompilerThread0" daemon [_thread_in_vm, id=5477, stack(0x00007f5179918000,0x00007f5179b18000)]


Current CompileTask:
JVMCI-native:1855309 12595       4       java.util.concurrent.locks.AbstractQueuedSynchronizer::release (19 bytes)

Stack: [0x00007f5179918000,0x00007f5179b18000],  sp=0x00007f5179b16380,  free space=2040k
Native frames: (J=compiled Java code, j=interpreted, Vv=VM code, C=native code)
V  [libjvm.so+0x972714]  JVMCIRuntime::fatal_exception(JVMCIEnv*, char const*)+0x74
V  [libjvm.so+0x93e2fe]  JVMCIEnv::copy_saved_properties()+0x14e
V  [libjvm.so+0x9732a9]  JVMCIRuntime::initialize(JVMCIEnv*)+0xb19
V  [libjvm.so+0x9738a2]  JVMCIRuntime::get_HotSpotJVMCIRuntime(JVMCIEnv*)+0x12
V  [libjvm.so+0x9749f2]  JVMCIRuntime::compile_method(JVMCIEnv*, JVMCICompiler*, methodHandle const&, int)+0xd2
V  [libjvm.so+0x5b0d20]  CompileBroker::invoke_compiler_on_method(CompileTask*)+0x1470
V  [libjvm.so+0x5b12e8]  CompileBroker::compiler_thread_loop()+0x528
V  [libjvm.so+0xd82460]  JavaThread::thread_main_inner()+0xd0
V  [libjvm.so+0xd85a40]  Thread::call_run()+0xc0
V  [libjvm.so+0xbdb1e1]  thread_native_entry(Thread*)+0xe1

Register to memory mapping:

RAX=0x00007f5199606000 points into unknown readable memory: 0x0000000000000058 | 58 00 00 00 00 00 00 00
RBX=0x00007f519a701398: <offset 0x0000000000ef5398> in /nix/store/gpxl5qgg8kicmcvivwmybwjlpf7wh20l-graalvm17-ce-22.3.0/lib/server/libjvm.so at 0x00007f519980c000
RCX=0x00007f519a6b91e8: <offset 0x0000000000ead1e8> in /nix/store/gpxl5qgg8kicmcvivwmybwjlpf7wh20l-graalvm17-ce-22.3.0/lib/server/libjvm.so at 0x00007f519980c000
RDX=0x0000000000000649 is an unknown value
RSP=0x00007f5179b16380 is pointing into the stack for thread: 0x00007f51940b2200
RBP=0x00007f5179b163a0 is pointing into the stack for thread: 0x00007f51940b2200
RSI=0x00007f519a701c48: <offset 0x0000000000ef5c48> in /nix/store/gpxl5qgg8kicmcvivwmybwjlpf7wh20l-graalvm17-ce-22.3.0/lib/server/libjvm.so at 0x00007f519980c000
RDI=0x00000000e0000000 is an oop: [B 
{0x00000000e0000000} - klass: {type array byte}
 - length: 54
R8 =0x00007f519a701398: <offset 0x0000000000ef5398> in /nix/store/gpxl5qgg8kicmcvivwmybwjlpf7wh20l-graalvm17-ce-22.3.0/lib/server/libjvm.so at 0x00007f519980c000
R9 =0x00007f5179b16330 is pointing into the stack for thread: 0x00007f51940b2200
R10=0x00007f5179b17948 is pointing into the stack for thread: 0x00007f51940b2200
R11=0x0000000000000293 is an unknown value
R12=0x0 is NULL
R13=0x00007f51940b2200 is a thread
R14=0x00007f5194000b80 points into unknown readable memory: 0x00007f519a932a38 | 38 2a 93 9a 51 7f 00 00
R15=0x00007f519aa40e40: <offset 0x0000000001234e40> in /nix/store/gpxl5qgg8kicmcvivwmybwjlpf7wh20l-graalvm17-ce-22.3.0/lib/server/libjvm.so at 0x00007f519980c000


Registers:
RAX=0x00007f5199606000, RBX=0x00007f519a701398, RCX=0x00007f519a6b91e8, RDX=0x0000000000000649
RSP=0x00007f5179b16380, RBP=0x00007f5179b163a0, RSI=0x00007f519a701c48, RDI=0x00000000e0000000
R8 =0x00007f519a701398, R9 =0x00007f5179b16330, R10=0x00007f5179b17948, R11=0x0000000000000293
R12=0x0000000000000000, R13=0x00007f51940b2200, R14=0x00007f5194000b80, R15=0x00007f519aa40e40
RIP=0x00007f519a17e714, EFLAGS=0x0000000000010206, CSGSFS=0x002b000000000033, ERR=0x0000000000000006
  TRAPNO=0x000000000000000e

Top of Stack: (sp=0x00007f5179b16380)
0x00007f5179b16380:   00007f5179b16940 00007f51940b2200
0x00007f5179b16390:   00007f517b4178c8 0000000800c417a0
0x00007f5179b163a0:   00007f5179b16500 00007f519a14a2fe
0x00007f5179b163b0:   00007f5179b163e0 00007f5179b16440 

Instructions: (pc=0x00007f519a17e714)
0x00007f519a17e614:   30 e8 f6 cf e8 ff 4c 89 e7 e8 2e 48 d1 ff 84 db
0x00007f519a17e624:   75 2a 4d 85 ed 74 04 4d 8b 6d 00 48 83 c4 08 44
0x00007f519a17e634:   89 f9 4c 89 f2 4c 89 ee 5b 4c 89 e7 41 5c 41 5d
0x00007f519a17e644:   41 5e 41 5f 5d e9 e2 47 d1 ff 66 90 48 83 c4 08
0x00007f519a17e654:   5b 41 5c 41 5d 41 5e 41 5f 5d c3 90 31 d2 be 08
0x00007f519a17e664:   00 00 00 4c 89 ff e8 b1 78 a3 ff 49 89 c5 e9 37
0x00007f519a17e674:   ff ff ff 66 0f 1f 84 00 00 00 00 00 48 8b 7a 08
0x00007f519a17e684:   e9 6d ff ff ff 0f 1f 80 00 00 00 00 e8 5b 48 0a
0x00007f519a17e694:   00 84 c0 75 89 e9 6a ff ff ff 66 90 55 48 89 e5
0x00007f519a17e6a4:   41 56 41 55 41 54 49 89 fc 53 48 89 f3 66 48 8d
0x00007f519a17e6b4:   3d 27 5e 85 00 66 66 48 e8 df 43 8d ff 4c 8b 28
0x00007f519a17e6c4:   8b 05 be 72 8a 00 85 c0 75 14 ba 01 00 00 00 48
0x00007f519a17e6d4:   8d 0d ae 72 8a 00 f0 0f b1 11 85 c0 74 4e be c8
0x00007f519a17e6e4:   00 00 00 4c 89 ef e8 01 0b 41 00 48 8d 05 12 ac
0x00007f519a17e6f4:   85 00 49 89 d8 48 8d 0d e8 aa 53 00 ba 49 06 00
0x00007f519a17e704:   00 48 8d 35 3c 35 58 00 bf 00 00 00 e0 48 8b 00
0x00007f519a17e714:   c6 00 58 31 c0 e8 e2 91 c6 ff 5b 41 5c 41 5d 41
0x00007f519a17e724:   5e 5d e9 55 34 26 00 0f 1f 44 00 00 48 8d 05 81
0x00007f519a17e734:   a3 8b 00 48 89 df 4c 8b 30 e8 9e 43 8d ff 48 89
0x00007f519a17e744:   de 48 89 c2 49 8b 06 4c 89 f7 ff 50 08 4c 89 f7
0x00007f519a17e754:   e8 a7 5c 27 00 4d 85 e4 74 12 be 01 00 00 00 4c
0x00007f519a17e764:   89 e7 e8 35 43 fc ff eb 82 0f 1f 00 be 01 00 00
0x00007f519a17e774:   00 4c 89 ef e8 d3 fd ff ff e9 6d ff ff ff 66 66
0x00007f519a17e784:   2e 0f 1f 84 00 00 00 00 00 0f 1f 00 55 48 89 e5
0x00007f519a17e794:   41 57 41 56 41 55 41 54 53 48 81 ec 08 02 00 00
0x00007f519a17e7a4:   64 48 8b 04 25 28 00 00 00 48 89 45 c8 8b 07 83
0x00007f519a17e7b4:   f8 02 0f 84 11 04 00 00 4c 8b 6f 18 49 89 ff 49
0x00007f519a17e7c4:   89 f4 4d 85 ed 74 14 4c 89 ef e8 5d 57 22 00 41
0x00007f519a17e7d4:   8b 07 83 f8 02 0f 84 19 04 00 00 48 8d 1d 9a 06
0x00007f519a17e7e4:   8a 00 4c 8d 35 0b 3c 58 00 eb 38 90 48 85 d2 7f
0x00007f519a17e7f4:   0d 48 8d 05 b4 c0 85 00 48 83 38 00 7e 0e 41 8b
0x00007f519a17e804:   77 2c 4c 89 f7 31 c0 e8 a0 b2 f7 ff 49 8b 7f 18 


Stack slot to memory mapping:
stack at sp + 0 slots: 0x00007f5179b16940 is pointing into the stack for thread: 0x00007f51940b2200
stack at sp + 1 slots: 0x00007f51940b2200 is a thread
stack at sp + 2 slots: 0x00007f517b4178c8 points into unknown readable memory: 0x6573001811a7ffff | ff ff a7 11 18 00 73 65
stack at sp + 3 slots: 0x0000000800c417a0 is a pointer to class: 
jdk.vm.ci.services.Services {0x0000000800c417a0}
 - instance size:     2
 - klass size:        65
 - access:            public final synchronized 
 - state:             fully_initialized
 - name:              'jdk/vm/ci/services/Services'
 - super:             'java/lang/Object'
 - sub:               
 - arrays:            NULL
 - methods:           Array<T>(0x00007f517a442278)
 - method ordering:   Array<T>(0x0000000800928960)
 - default_methods:   Array<T>(0x0000000000000000)
 - local interfaces:  Array<T>(0x00000008005ce810)
 - trans. interfaces: Array<T>(0x00000008005ce810)
 - constants:         constant pool [427] {0x00007f517a4410b8} for 'jdk/vm/ci/services/Services' cache=0x00007f517a443740
 - class loader data:  loader data: 0x00007f5194028410 of 'bootstrap'
 - source file:       'Services.java'
 - class annotations:       Array<T>(0x0000000000000000)
 - class type annotations:  Array<T>(0x0000000000000000)
 - field annotations:       Array<T>(0x0000000000000000)
 - field type annotations:  Array<T>(0x0000000000000000)
 - inner classes:     Array<T>(0x00007f517a443518)
 - nest members:     Array<T>(0x00007f517a443538)
 - permitted subclasses:     Array<T>(0x00000008005ce7a0)
 - java mirror:       a 'java/lang/Class'{0x00000000e02b1078} = 'jdk/vm/ci/services/Services'
 - vtable length      5  (start addr: 0x0000000800c41970)
 - itable length      2 (start addr: 0x0000000800c41998)
 - ---- static fields (3 words):
 - public static final 'IS_BUILDING_NATIVE_IMAGE' 'Z' @128 
 - public static final 'IS_IN_NATIVE_IMAGE' 'Z' @129 
 - private static volatile 'savedProperties' 'Ljava/util/Map;' @112 
 - static final 'JVMCI_ENABLED' 'Z' @130 
 - private static final 'servicesCache' 'Ljava/util/Map;' @116 
 - private static final 'MAX_UNICODE_IN_UTF8_LENGTH' 'I' @120 
 - private static final 'MAX_UTF8_PROPERTY_STRING_LENGTH' 'I' @124 
 - ---- non-static fields (0 words):
 - non-static oop maps: 
stack at sp + 4 slots: 0x00007f5179b16500 is pointing into the stack for thread: 0x00007f51940b2200
stack at sp + 5 slots: 0x00007f519a14a2fe: <offset 0x000000000093e2fe> in /nix/store/gpxl5qgg8kicmcvivwmybwjlpf7wh20l-graalvm17-ce-22.3.0/lib/server/libjvm.so at 0x00007f519980c000
stack at sp + 6 slots: 0x00007f5179b163e0 is pointing into the stack for thread: 0x00007f51940b2200
stack at sp + 7 slots: 0x00007f5179b16440 is pointing into the stack for thread: 0x00007f51940b2200


---------------  P R O C E S S  ---------------

Threads class SMR info:
_java_thread_list=0x00007f51201b79d0, length=30, elements={
0x00007f51940266b0, 0x00007f51940a64f0, 0x00007f51940a7930, 0x00007f51940ae070,
0x00007f51940af420, 0x00007f51940b0810, 0x00007f51940b2200, 0x00007f51940b3710,
0x00007f51940b4b60, 0x00007f51940e7d60, 0x00007f51941300c0, 0x00007f51942f3320,
0x00007f519432b2c0, 0x00007f519432ea90, 0x00007f512802f550, 0x00007f5128403ff0,
0x00007f5128483120, 0x00007f511c0010d0, 0x00007f51286ec210, 0x00007f519436c9f0,
0x00007f519439b180, 0x00007f512016ce30, 0x00007f5114006f80, 0x00007f50d8010a10,
0x00007f51201ce820, 0x00007f51201b3940, 0x00007f51201b1a80, 0x00007f51201af4d0,
0x00007f51201c50f0, 0x00007f51201c5cb0
}

Java Threads: ( => current thread )
  0x00007f51940266b0 JavaThread "main" [_thread_blocked, id=5469, stack(0x00007f5199627000,0x00007f5199727000)]
  0x00007f51940a64f0 JavaThread "Reference Handler" daemon [_thread_blocked, id=5472, stack(0x00007f517a1fe000,0x00007f517a2fe000)]
  0x00007f51940a7930 JavaThread "Finalizer" daemon [_thread_blocked, id=5473, stack(0x00007f517a0fe000,0x00007f517a1fe000)]
  0x00007f51940ae070 JavaThread "Signal Dispatcher" daemon [_thread_blocked, id=5474, stack(0x00007f5179d18000,0x00007f5179e18000)]
  0x00007f51940af420 JavaThread "Service Thread" daemon [_thread_blocked, id=5475, stack(0x00007f5179c18000,0x00007f5179d18000)]
  0x00007f51940b0810 JavaThread "Monitor Deflation Thread" daemon [_thread_blocked, id=5476, stack(0x00007f5179b18000,0x00007f5179c18000)]
=>0x00007f51940b2200 JavaThread "JVMCI-native CompilerThread0" daemon [_thread_in_vm, id=5477, stack(0x00007f5179918000,0x00007f5179b18000)]
  0x00007f51940b3710 JavaThread "C1 CompilerThread0" daemon [_thread_blocked, id=5478, stack(0x00007f5179718000,0x00007f5179918000)]
  0x00007f51940b4b60 JavaThread "Sweeper thread" daemon [_thread_blocked, id=5479, stack(0x00007f5179618000,0x00007f5179718000)]
  0x00007f51940e7d60 JavaThread "Common-Cleaner" daemon [_thread_blocked, id=5480, stack(0x00007f5179518000,0x00007f5179618000)]
  0x00007f51941300c0 JavaThread "Notification Thread" daemon [_thread_blocked, id=5481, stack(0x00007f5179418000,0x00007f5179518000)]
  0x00007f51942f3320 JavaThread "Active Thread: Equinox Container: 3f426066-b81c-49ff-9cb7-9fb0b0512d7d" [_thread_blocked, id=5490, stack(0x00007f5178000000,0x00007f5178100000)]
  0x00007f519432b2c0 JavaThread "Framework Event Dispatcher: Equinox Container: 3f426066-b81c-49ff-9cb7-9fb0b0512d7d" daemon [_thread_blocked, id=5491, stack(0x00007f5141b00000,0x00007f5141c00000)]
  0x00007f519432ea90 JavaThread "Start Level: Equinox Container: 3f426066-b81c-49ff-9cb7-9fb0b0512d7d" daemon [_thread_blocked, id=5492, stack(0x00007f5141a00000,0x00007f5141b00000)]
  0x00007f512802f550 JavaThread "SCR Component Actor" daemon [_thread_blocked, id=5493, stack(0x00007f5141900000,0x00007f5141a00000)]
  0x00007f5128403ff0 JavaThread "Worker-JM" [_thread_blocked, id=5499, stack(0x00007f5141500000,0x00007f5141600000)]
  0x00007f5128483120 JavaThread "Worker-0: Compacting resource model" [_thread_blocked, id=5503, stack(0x00007f5141300000,0x00007f5141400000)]
  0x00007f511c0010d0 JavaThread "Worker-2: Periodic workspace save." [_thread_blocked, id=5506, stack(0x00007f5140f00000,0x00007f5141000000)]
  0x00007f51286ec210 JavaThread "Bundle File Closer" daemon [_thread_blocked, id=5508, stack(0x00007f5140c00000,0x00007f5140d00000)]
  0x00007f519436c9f0 JavaThread "pool-3-thread-1" [_thread_blocked, id=5513, stack(0x00007f5140b00000,0x00007f5140c00000)]
  0x00007f519439b180 JavaThread "pool-2-thread-1" [_thread_blocked, id=5514, stack(0x00007f5141700000,0x00007f5141800000)]
  0x00007f512016ce30 JavaThread "Thread-8" [_thread_blocked, id=5643, stack(0x00007f5140100000,0x00007f5140200000)]
  0x00007f5114006f80 JavaThread "Java indexing" daemon [_thread_blocked, id=5948, stack(0x00007f5179100000,0x00007f5179200000)]
  0x00007f50d8010a10 JavaThread "Thread-57" [_thread_blocked, id=6011, stack(0x00007f5178800000,0x00007f5178900000)]
  0x00007f51201ce820 JavaThread "Thread-59" [_thread_blocked, id=6200, stack(0x00007f5178e00000,0x00007f5178f00000)]
  0x00007f51201b3940 JavaThread "Thread-60" [_thread_blocked, id=6226, stack(0x00007f5179216000,0x00007f5179316000)]
  0x00007f51201b1a80 JavaThread "Thread-61" [_thread_blocked, id=6335, stack(0x00007f5140900000,0x00007f5140a00000)]
  0x00007f51201af4d0 JavaThread "Thread-62" [_thread_blocked, id=6596, stack(0x00007f5140700000,0x00007f5140800000)]
  0x00007f51201c50f0 JavaThread "Thread-63" [_thread_blocked, id=7083, stack(0x00007f5140d00000,0x00007f5140e00000)]
  0x00007f51201c5cb0 JavaThread "Thread-64" [_thread_blocked, id=8000, stack(0x00007f5178900000,0x00007f5178a00000)]

Other Threads:
  0x00007f51940a1c30 VMThread "VM Thread" [stack: 0x00007f517a300000,0x00007f517a400000] [id=5471] _threads_hazard_ptr=0x00007f51201b79d0
  0x00007f5194131a60 WatcherThread [stack: 0x00007f5179318000,0x00007f5179418000] [id=5482]
  0x00007f519403df50 GCTaskThread "GC Thread#0" [stack: 0x00007f51991ea000,0x00007f51992ea000] [id=5470]

Threads with active compile tasks:
JVMCI-native CompilerThread0  1855381 12595       4       java.util.concurrent.locks.AbstractQueuedSynchronizer::release (19 bytes)

VM state: synchronizing (normal execution)

VM Mutex/Monitor currently owned by a thread:  ([mutex/lock_event])
[0x00007f5194023860] Threads_lock - owner thread: 0x00007f51940a1c30
[0x00007f5194024010] Heap_lock - owner thread: 0x00007f51201c5cb0

OutOfMemory and StackOverflow Exception counts:
OutOfMemoryError java_heap_errors=12
LinkageErrors=57

Heap address: 0x00000000e0000000, size: 512 MB, Compressed Oops mode: 32-bit

CDS archive(s) mapped at: [0x0000000800000000-0x0000000800bc8000-0x0000000800bc8000), size 12353536, SharedBaseAddress: 0x0000000800000000, ArchiveRelocationMode: 0.
Compressed class space mapped at: 0x0000000800c00000-0x0000000840c00000, reserved size: 1073741824
Narrow klass base: 0x0000000800000000, Narrow klass shift: 0, Narrow klass range: 0x100000000

GC Precious Log:
 CPUs: 8 total, 1 available
 Memory: 1024M
 Large Page Support: Disabled
 NUMA Support: Disabled
 Compressed Oops: Enabled (32-bit)
 Alignments: Space 512K, Generation 512K, Heap 2M
 Heap Min Capacity: 100M
 Heap Initial Capacity: 100M
 Heap Max Capacity: 512M
 Pre-touch: Disabled
 Parallel Workers: 1

Heap:
 PSYoungGen      total 53248K, used 37376K [0x00000000f5580000, 0x00000000f9b80000, 0x0000000100000000)
  eden space 37376K, 100% used [0x00000000f5580000,0x00000000f7a00000,0x00000000f7a00000)
  from space 15872K, 0% used [0x00000000f8c00000,0x00000000f8c00000,0x00000000f9b80000)
  to   space 15872K, 0% used [0x00000000f7a00000,0x00000000f7a00000,0x00000000f8980000)
 ParOldGen       total 349696K, used 349695K [0x00000000e0000000, 0x00000000f5580000, 0x00000000f5580000)
  object space 349696K, 99% used [0x00000000e0000000,0x00000000f557fd80,0x00000000f5580000)
 Metaspace       used 64995K, committed 65856K, reserved 1114112K
  class space    used 6231K, committed 6592K, reserved 1048576K

Card table byte_map: [0x00007f51992ea000,0x00007f51993eb000] _byte_map_base: 0x00007f5198bea000

Marking Bits: (ParMarkBitMap*) 0x00007f519aa3a4c0
 Begin Bits: [0x00007f519813d000, 0x00007f519893d000)
 End Bits:   [0x00007f519893d000, 0x00007f519913d000)

Polling page: 0x00007f5199604000

Metaspace:

Usage:
  Non-class:     57.39 MB used.
      Class:      6.09 MB used.
       Both:     63.47 MB used.

Virtual space:
  Non-class space:       64.00 MB reserved,      57.88 MB ( 90%) committed,  8 nodes.
      Class space:        1.00 GB reserved,       6.44 MB ( <1%) committed,  1 nodes.
             Both:        1.06 GB reserved,      64.31 MB (  6%) committed. 

Chunk freelists:
   Non-Class:  1.99 MB
       Class:  1.52 MB
        Both:  3.51 MB

MaxMetaspaceSize: unlimited
CompressedClassSpaceSize: 1.00 GB
Initial GC threshold: 21.00 MB
Current GC threshold: 107.19 MB
CDS: on
MetaspaceReclaimPolicy: balanced
 - commit_granule_bytes: 65536.
 - commit_granule_words: 8192.
 - virtual_space_node_default_size: 1048576.
 - enlarge_chunks_in_place: 1.
 - new_chunks_are_fully_committed: 0.
 - uncommit_free_chunks: 1.
 - use_allocation_guard: 0.
 - handle_deallocations: 1.


Internal statistics:

num_allocs_failed_limit: 6.
num_arena_births: 496.
num_arena_deaths: 146.
num_vsnodes_births: 9.
num_vsnodes_deaths: 0.
num_space_committed: 1026.
num_space_uncommitted: 0.
num_chunks_returned_to_freelist: 205.
num_chunks_taken_from_freelist: 3151.
num_chunk_merges: 83.
num_chunk_splits: 1985.
num_chunks_enlarged: 1210.
num_purges: 22.
num_inconsistent_stats: 0.

CodeHeap 'non-profiled nmethods': size=120036Kb used=3020Kb max_used=3109Kb free=117015Kb
 bounds [0x00007f5182f7a000, 0x00007f518328a000, 0x00007f518a4b3000]
CodeHeap 'profiled nmethods': size=120032Kb used=18289Kb max_used=19108Kb free=101742Kb
 bounds [0x00007f517ba42000, 0x00007f517ccf2000, 0x00007f5182f7a000]
CodeHeap 'non-nmethods': size=5692Kb used=1432Kb max_used=1445Kb free=4259Kb
 bounds [0x00007f517b4b3000, 0x00007f517b723000, 0x00007f517ba42000]
 total_blobs=8898 nmethods=8122 adapters=625
 compilation: enabled
              stopped_count=0, restarted_count=0
 full_count=0

JVMCI Events (20 events):
Event: 1683.648 Thread 0x00007f51940b2200 compacted oop handles in JVMCI runtime 0 from 55 to 55
Event: 1683.648 Thread 0x00007f51940b2200 releasing handles for JVMCI runtime 0: oop handles=55, metadata handles={total=676, live=675, blocks=33}
Event: 1683.648 Thread 0x00007f51940b2200 detached from JVMCI runtime 0
Event: 1709.136 Thread 0x00007f51940b2200 attached to JVMCI runtime 0
Event: 1709.137 Thread 0x00007f51940b2200 created JavaVM[11]@0x00007f513fb9e340 for JVMCI runtime 0
Event: 1709.137 Thread 0x00007f51940b2200 initializing JVMCI runtime 0
Event: 1709.137 Thread 0x00007f51940b2200 done waiting for JavaVM references initialization in JVMCI runtime 0
Event: 1719.880 Thread 0x00007f51940b2200 initialized JVMCI runtime 0
Event: 1740.836 Thread 0x00007f51940b2200 compacted oop handles in JVMCI runtime 0 from 76 to 73
Event: 1748.512 Thread 0x00007f51940b2200 detaching from JVMCI runtime 0: releasing idle compiler thread (0 other threads still attached)
Event: 1748.512 Thread 0x00007f51940b2200 shutting down HotSpotJVMCIRuntime for JVMCI runtime 0
Event: 1751.056 Thread 0x00007f51940b2200 shut down JVMCI runtime 0
Event: 1753.523 Thread 0x00007f51940b2200 destroyed JavaVM[11]@0x00007f513fb9e340 for JVMCI runtime 0
Event: 1753.523 Thread 0x00007f51940b2200 compacted oop handles in JVMCI runtime 0 from 85 to 85
Event: 1753.523 Thread 0x00007f51940b2200 releasing handles for JVMCI runtime 0: oop handles=85, metadata handles={total=129, live=129, blocks=33}
Event: 1753.523 Thread 0x00007f51940b2200 detached from JVMCI runtime 0
Event: 1771.584 Thread 0x00007f51940b2200 attached to JVMCI runtime 0
Event: 1771.586 Thread 0x00007f51940b2200 created JavaVM[12]@0x00007f513fb9e340 for JVMCI runtime 0
Event: 1776.667 Thread 0x00007f51940b2200 initializing JVMCI runtime 0
Event: 1776.667 Thread 0x00007f51940b2200 done waiting for JavaVM references initialization in JVMCI runtime 0

Compilation events (20 events):
Event: 1681.839 Thread 0x00007f51940b2200 nmethod 12578% 0x00007f51831d7a90 code [0x00007f51831d7ec0, 0x00007f51831da7c0]
Event: 1681.839 Thread 0x00007f51940b2200 12576       4       org.eclipse.jdt.internal.codeassist.impl.AssistParser::isInsideFieldInitialization (56 bytes)
Event: 1681.858 Thread 0x00007f51940b2200 nmethod 12576 0x00007f5183117a90 code [0x00007f5183117c00, 0x00007f5183117d88]
Event: 1681.858 Thread 0x00007f51940b2200 12589       4       org.eclipse.core.runtime.Path::segment (18 bytes)
Event: 1681.860 Thread 0x00007f51940b2200 nmethod 12589 0x00007f51831a7e10 code [0x00007f51831a7f80, 0x00007f51831a8048]
Event: 1681.860 Thread 0x00007f51940b2200 12588       4       java.util.HashMap::<init> (11 bytes)
Event: 1681.860 Thread 0x00007f51940b2200 nmethod 12588 0x00007f518303fe90 code [0x00007f5183040000, 0x00007f5183040048]
Event: 1685.503 Thread 0x00007f51940b3710 12590       3       java.lang.invoke.BoundMethodHandle::<init> (32 bytes)
Event: 1685.503 Thread 0x00007f51940b3710 nmethod 12590 0x00007f517bb3ce10 code [0x00007f517bb3cfc0, 0x00007f517bb3d120]
Event: 1709.136 Thread 0x00007f51940b2200 12591       4       java.util.concurrent.locks.AbstractQueuedSynchronizer::acquireShared (20 bytes)
Event: 1711.006 Thread 0x00007f51940b3710 12592       3       java.util.Arrays::copyOfRange (11 bytes)
Event: 1711.006 Thread 0x00007f51940b3710 nmethod 12592 0x00007f517bb9f590 code [0x00007f517bb9f740, 0x00007f517bb9f880]
Event: 1719.881 Thread 0x00007f51940b3710 12594       3       java.nio.Buffer::<init> (105 bytes)
Event: 1721.581 Thread 0x00007f51940b3710 nmethod 12594 0x00007f517c3ba710 code [0x00007f517c3ba9c0, 0x00007f517c3bb770]
Event: 1740.837 Thread 0x00007f51940b2200 nmethod 12591 0x00007f5183162310 code [0x00007f5183162500, 0x00007f5183162960]
Event: 1740.837 Thread 0x00007f51940b2200 12593       4       java.util.Collections$UnmodifiableMap$UnmodifiableEntrySet$1::next (5 bytes)
Event: 1746.107 Thread 0x00007f51940b2200 nmethod 12593 0x00007f5182ff0390 code [0x00007f5182ff0520, 0x00007f5182ff0818]
Event: 1771.584 Thread 0x00007f51940b2200 12595       4       java.util.concurrent.locks.AbstractQueuedSynchronizer::release (19 bytes)
Event: 1838.314 Thread 0x00007f51940b3710 12598       3       org.eclipse.jdt.internal.compiler.util.HashtableOfObjectToInt::put (104 bytes)
Event: 1838.314 Thread 0x00007f51940b3710 nmethod 12598 0x00007f517bb47690 code [0x00007f517bb478a0, 0x00007f517bb48380]

GC Heap History (20 events):
Event: 1838.314 GC heap before
{Heap before GC invocations=991 (full 887):
 PSYoungGen      total 53248K, used 37376K [0x00000000f5580000, 0x00000000f9b80000, 0x0000000100000000)
  eden space 37376K, 100% used [0x00000000f5580000,0x00000000f7a00000,0x00000000f7a00000)
  from space 15872K, 0% used [0x00000000f8c00000,0x00000000f8c00000,0x00000000f9b80000)
  to   space 15872K, 0% used [0x00000000f7a00000,0x00000000f7a00000,0x00000000f8980000)
 ParOldGen       total 349696K, used 349693K [0x00000000e0000000, 0x00000000f5580000, 0x00000000f5580000)
  object space 349696K, 99% used [0x00000000e0000000,0x00000000f557f740,0x00000000f5580000)
 Metaspace       used 64993K, committed 65856K, reserved 1114112K
  class space    used 6230K, committed 6592K, reserved 1048576K
}
Event: 1840.027 GC heap after
{Heap after GC invocations=991 (full 887):
 PSYoungGen      total 53248K, used 37375K [0x00000000f5580000, 0x00000000f9b80000, 0x0000000100000000)
  eden space 37376K, 99% used [0x00000000f5580000,0x00000000f79fffb8,0x00000000f7a00000)
  from space 15872K, 0% used [0x00000000f7a00000,0x00000000f7a00000,0x00000000f8980000)
  to   space 15872K, 0% used [0x00000000f8c00000,0x00000000f8c00000,0x00000000f9b80000)
 ParOldGen       total 349696K, used 349691K [0x00000000e0000000, 0x00000000f5580000, 0x00000000f5580000)
  object space 349696K, 99% used [0x00000000e0000000,0x00000000f557edb8,0x00000000f5580000)
 Metaspace       used 64993K, committed 65856K, reserved 1114112K
  class space    used 6230K, committed 6592K, reserved 1048576K
}
Event: 1840.027 GC heap before
{Heap before GC invocations=992 (full 888):
 PSYoungGen      total 53248K, used 37375K [0x00000000f5580000, 0x00000000f9b80000, 0x0000000100000000)
  eden space 37376K, 99% used [0x00000000f5580000,0x00000000f79fffe8,0x00000000f7a00000)
  from space 15872K, 0% used [0x00000000f7a00000,0x00000000f7a00000,0x00000000f8980000)
  to   space 15872K, 0% used [0x00000000f8c00000,0x00000000f8c00000,0x00000000f9b80000)
 ParOldGen       total 349696K, used 349691K [0x00000000e0000000, 0x00000000f5580000, 0x00000000f5580000)
  object space 349696K, 99% used [0x00000000e0000000,0x00000000f557edb8,0x00000000f5580000)
 Metaspace       used 64993K, committed 65856K, reserved 1114112K
  class space    used 6230K, committed 6592K, reserved 1048576K
}
Event: 1841.694 GC heap after
{Heap after GC invocations=992 (full 888):
 PSYoungGen      total 53248K, used 37375K [0x00000000f5580000, 0x00000000f9b80000, 0x0000000100000000)
  eden space 37376K, 99% used [0x00000000f5580000,0x00000000f79fffe8,0x00000000f7a00000)
  from space 15872K, 0% used [0x00000000f8c00000,0x00000000f8c00000,0x00000000f9b80000)
  to   space 15872K, 0% used [0x00000000f7a00000,0x00000000f7a00000,0x00000000f8980000)
 ParOldGen       total 349696K, used 349691K [0x00000000e0000000, 0x00000000f5580000, 0x00000000f5580000)
  object space 349696K, 99% used [0x00000000e0000000,0x00000000f557edb8,0x00000000f5580000)
 Metaspace       used 64993K, committed 65856K, reserved 1114112K
  class space    used 6230K, committed 6592K, reserved 1048576K
}
Event: 1841.695 GC heap before
{Heap before GC invocations=993 (full 889):
 PSYoungGen      total 53248K, used 37376K [0x00000000f5580000, 0x00000000f9b80000, 0x0000000100000000)
  eden space 37376K, 100% used [0x00000000f5580000,0x00000000f7a00000,0x00000000f7a00000)
  from space 15872K, 0% used [0x00000000f8c00000,0x00000000f8c00000,0x00000000f9b80000)
  to   space 15872K, 0% used [0x00000000f7a00000,0x00000000f7a00000,0x00000000f8980000)
 ParOldGen       total 349696K, used 349694K [0x00000000e0000000, 0x00000000f5580000, 0x00000000f5580000)
  object space 349696K, 99% used [0x00000000e0000000,0x00000000f557f840,0x00000000f5580000)
 Metaspace       used 64993K, committed 65856K, reserved 1114112K
  class space    used 6230K, committed 6592K, reserved 1048576K
}
Event: 1843.325 GC heap after
{Heap after GC invocations=993 (full 889):
 PSYoungGen      total 53248K, used 37375K [0x00000000f5580000, 0x00000000f9b80000, 0x0000000100000000)
  eden space 37376K, 99% used [0x00000000f5580000,0x00000000f79fff80,0x00000000f7a00000)
  from space 15872K, 0% used [0x00000000f7a00000,0x00000000f7a00000,0x00000000f8980000)
  to   space 15872K, 0% used [0x00000000f8c00000,0x00000000f8c00000,0x00000000f9b80000)
 ParOldGen       total 349696K, used 349693K [0x00000000e0000000, 0x00000000f5580000, 0x00000000f5580000)
  object space 349696K, 99% used [0x00000000e0000000,0x00000000f557f588,0x00000000f5580000)
 Metaspace       used 64993K, committed 65856K, reserved 1114112K
  class space    used 6230K, committed 6592K, reserved 1048576K
}
Event: 1843.325 GC heap before
{Heap before GC invocations=994 (full 890):
 PSYoungGen      total 53248K, used 37375K [0x00000000f5580000, 0x00000000f9b80000, 0x0000000100000000)
  eden space 37376K, 99% used [0x00000000f5580000,0x00000000f79ffff0,0x00000000f7a00000)
  from space 15872K, 0% used [0x00000000f7a00000,0x00000000f7a00000,0x00000000f8980000)
  to   space 15872K, 0% used [0x00000000f8c00000,0x00000000f8c00000,0x00000000f9b80000)
 ParOldGen       total 349696K, used 349693K [0x00000000e0000000, 0x00000000f5580000, 0x00000000f5580000)
  object space 349696K, 99% used [0x00000000e0000000,0x00000000f557f588,0x00000000f5580000)
 Metaspace       used 64993K, committed 65856K, reserved 1114112K
  class space    used 6230K, committed 6592K, reserved 1048576K
}
Event: 1844.979 GC heap after
{Heap after GC invocations=994 (full 890):
 PSYoungGen      total 53248K, used 37375K [0x00000000f5580000, 0x00000000f9b80000, 0x0000000100000000)
  eden space 37376K, 99% used [0x00000000f5580000,0x00000000f79ffff0,0x00000000f7a00000)
  from space 15872K, 0% used [0x00000000f8c00000,0x00000000f8c00000,0x00000000f9b80000)
  to   space 15872K, 0% used [0x00000000f7a00000,0x00000000f7a00000,0x00000000f8980000)
 ParOldGen       total 349696K, used 349693K [0x00000000e0000000, 0x00000000f5580000, 0x00000000f5580000)
  object space 349696K, 99% used [0x00000000e0000000,0x00000000f557f4f8,0x00000000f5580000)
 Metaspace       used 64993K, committed 65856K, reserved 1114112K
  class space    used 6230K, committed 6592K, reserved 1048576K
}
Event: 1844.980 GC heap before
{Heap before GC invocations=995 (full 891):
 PSYoungGen      total 53248K, used 37376K [0x00000000f5580000, 0x00000000f9b80000, 0x0000000100000000)
  eden space 37376K, 100% used [0x00000000f5580000,0x00000000f7a00000,0x00000000f7a00000)
  from space 15872K, 0% used [0x00000000f8c00000,0x00000000f8c00000,0x00000000f9b80000)
  to   space 15872K, 0% used [0x00000000f7a00000,0x00000000f7a00000,0x00000000f8980000)
 ParOldGen       total 349696K, used 349695K [0x00000000e0000000, 0x00000000f5580000, 0x00000000f5580000)
  object space 349696K, 99% used [0x00000000e0000000,0x00000000f557ffe0,0x00000000f5580000)
 Metaspace       used 64995K, committed 65856K, reserved 1114112K
  class space    used 6231K, committed 6592K, reserved 1048576K
}
Event: 1846.798 GC heap after
{Heap after GC invocations=995 (full 891):
 PSYoungGen      total 53248K, used 37375K [0x00000000f5580000, 0x00000000f9b80000, 0x0000000100000000)
  eden space 37376K, 99% used [0x00000000f5580000,0x00000000f79fffb0,0x00000000f7a00000)
  from space 15872K, 0% used [0x00000000f7a00000,0x00000000f7a00000,0x00000000f8980000)
  to   space 15872K, 0% used [0x00000000f8c00000,0x00000000f8c00000,0x00000000f9b80000)
 ParOldGen       total 349696K, used 349695K [0x00000000e0000000, 0x00000000f5580000, 0x00000000f5580000)
  object space 349696K, 99% used [0x00000000e0000000,0x00000000f557fdd0,0x00000000f5580000)
 Metaspace       used 64995K, committed 65856K, reserved 1114112K
  class space    used 6231K, committed 6592K, reserved 1048576K
}
Event: 1846.798 GC heap before
{Heap before GC invocations=996 (full 892):
 PSYoungGen      total 53248K, used 37376K [0x00000000f5580000, 0x00000000f9b80000, 0x0000000100000000)
  eden space 37376K, 100% used [0x00000000f5580000,0x00000000f7a00000,0x00000000f7a00000)
  from space 15872K, 0% used [0x00000000f7a00000,0x00000000f7a00000,0x00000000f8980000)
  to   space 15872K, 0% used [0x00000000f8c00000,0x00000000f8c00000,0x00000000f9b80000)
 ParOldGen       total 349696K, used 349695K [0x00000000e0000000, 0x00000000f5580000, 0x00000000f5580000)
  object space 349696K, 99% used [0x00000000e0000000,0x00000000f557fdd0,0x00000000f5580000)
 Metaspace       used 64995K, committed 65856K, reserved 1114112K
  class space    used 6231K, committed 6592K, reserved 1048576K
}
Event: 1848.308 GC heap after
{Heap after GC invocations=996 (full 892):
 PSYoungGen      total 53248K, used 37375K [0x00000000f5580000, 0x00000000f9b80000, 0x0000000100000000)
  eden space 37376K, 99% used [0x00000000f5580000,0x00000000f79fffe0,0x00000000f7a00000)
  from space 15872K, 0% used [0x00000000f8c00000,0x00000000f8c00000,0x00000000f9b80000)
  to   space 15872K, 0% used [0x00000000f7a00000,0x00000000f7a00000,0x00000000f8980000)
 ParOldGen       total 349696K, used 349695K [0x00000000e0000000, 0x00000000f5580000, 0x00000000f5580000)
  object space 349696K, 99% used [0x00000000e0000000,0x00000000f557fdd0,0x00000000f5580000)
 Metaspace       used 64995K, committed 65856K, reserved 1114112K
  class space    used 6231K, committed 6592K, reserved 1048576K
}
Event: 1848.310 GC heap before
{Heap before GC invocations=997 (full 893):
 PSYoungGen      total 53248K, used 37376K [0x00000000f5580000, 0x00000000f9b80000, 0x0000000100000000)
  eden space 37376K, 100% used [0x00000000f5580000,0x00000000f7a00000,0x00000000f7a00000)
  from space 15872K, 0% used [0x00000000f8c00000,0x00000000f8c00000,0x00000000f9b80000)
  to   space 15872K, 0% used [0x00000000f7a00000,0x00000000f7a00000,0x00000000f8980000)
 ParOldGen       total 349696K, used 349695K [0x00000000e0000000, 0x00000000f5580000, 0x00000000f5580000)
  object space 349696K, 99% used [0x00000000e0000000,0x00000000f557fdd0,0x00000000f5580000)
 Metaspace       used 64995K, committed 65856K, reserved 1114112K
  class space    used 6231K, committed 6592K, reserved 1048576K
}
Event: 1850.035 GC heap after
{Heap after GC invocations=997 (full 893):
 PSYoungGen      total 53248K, used 37376K [0x00000000f5580000, 0x00000000f9b80000, 0x0000000100000000)
  eden space 37376K, 100% used [0x00000000f5580000,0x00000000f7a00000,0x00000000f7a00000)
  from space 15872K, 0% used [0x00000000f7a00000,0x00000000f7a00000,0x00000000f8980000)
  to   space 15872K, 0% used [0x00000000f8c00000,0x00000000f8c00000,0x00000000f9b80000)
 ParOldGen       total 349696K, used 349695K [0x00000000e0000000, 0x00000000f5580000, 0x00000000f5580000)
  object space 349696K, 99% used [0x00000000e0000000,0x00000000f557fdd0,0x00000000f5580000)
 Metaspace       used 64995K, committed 65856K, reserved 1114112K
  class space    used 6231K, committed 6592K, reserved 1048576K
}
Event: 1850.035 GC heap before
{Heap before GC invocations=998 (full 894):
 PSYoungGen      total 53248K, used 37376K [0x00000000f5580000, 0x00000000f9b80000, 0x0000000100000000)
  eden space 37376K, 100% used [0x00000000f5580000,0x00000000f7a00000,0x00000000f7a00000)
  from space 15872K, 0% used [0x00000000f7a00000,0x00000000f7a00000,0x00000000f8980000)
  to   space 15872K, 0% used [0x00000000f8c00000,0x00000000f8c00000,0x00000000f9b80000)
 ParOldGen       total 349696K, used 349696K [0x00000000e0000000, 0x00000000f5580000, 0x00000000f5580000)
  object space 349696K, 100% used [0x00000000e0000000,0x00000000f5580000,0x00000000f5580000)
 Metaspace       used 64995K, committed 65856K, reserved 1114112K
  class space    used 6231K, committed 6592K, reserved 1048576K
}
Event: 1851.895 GC heap after
{Heap after GC invocations=998 (full 894):
 PSYoungGen      total 53248K, used 37376K [0x00000000f5580000, 0x00000000f9b80000, 0x0000000100000000)
  eden space 37376K, 100% used [0x00000000f5580000,0x00000000f7a00000,0x00000000f7a00000)
  from space 15872K, 0% used [0x00000000f8c00000,0x00000000f8c00000,0x00000000f9b80000)
  to   space 15872K, 0% used [0x00000000f7a00000,0x00000000f7a00000,0x00000000f8980000)
 ParOldGen       total 349696K, used 349695K [0x00000000e0000000, 0x00000000f5580000, 0x00000000f5580000)
  object space 349696K, 99% used [0x00000000e0000000,0x00000000f557fdb0,0x00000000f5580000)
 Metaspace       used 64995K, committed 65856K, reserved 1114112K
  class space    used 6231K, committed 6592K, reserved 1048576K
}
Event: 1851.897 GC heap before
{Heap before GC invocations=999 (full 895):
 PSYoungGen      total 53248K, used 37376K [0x00000000f5580000, 0x00000000f9b80000, 0x0000000100000000)
  eden space 37376K, 100% used [0x00000000f5580000,0x00000000f7a00000,0x00000000f7a00000)
  from space 15872K, 0% used [0x00000000f8c00000,0x00000000f8c00000,0x00000000f9b80000)
  to   space 15872K, 0% used [0x00000000f7a00000,0x00000000f7a00000,0x00000000f8980000)
 ParOldGen       total 349696K, used 349695K [0x00000000e0000000, 0x00000000f5580000, 0x00000000f5580000)
  object space 349696K, 99% used [0x00000000e0000000,0x00000000f557fe10,0x00000000f5580000)
 Metaspace       used 64995K, committed 65856K, reserved 1114112K
  class space    used 6231K, committed 6592K, reserved 1048576K
}
Event: 1853.690 GC heap after
{Heap after GC invocations=999 (full 895):
 PSYoungGen      total 53248K, used 37376K [0x00000000f5580000, 0x00000000f9b80000, 0x0000000100000000)
  eden space 37376K, 100% used [0x00000000f5580000,0x00000000f7a00000,0x00000000f7a00000)
  from space 15872K, 0% used [0x00000000f7a00000,0x00000000f7a00000,0x00000000f8980000)
  to   space 15872K, 0% used [0x00000000f8c00000,0x00000000f8c00000,0x00000000f9b80000)
 ParOldGen       total 349696K, used 349695K [0x00000000e0000000, 0x00000000f5580000, 0x00000000f5580000)
  object space 349696K, 99% used [0x00000000e0000000,0x00000000f557fdb0,0x00000000f5580000)
 Metaspace       used 64995K, committed 65856K, reserved 1114112K
  class space    used 6231K, committed 6592K, reserved 1048576K
}
Event: 1853.690 GC heap before
{Heap before GC invocations=1000 (full 896):
 PSYoungGen      total 53248K, used 37376K [0x00000000f5580000, 0x00000000f9b80000, 0x0000000100000000)
  eden space 37376K, 100% used [0x00000000f5580000,0x00000000f7a00000,0x00000000f7a00000)
  from space 15872K, 0% used [0x00000000f7a00000,0x00000000f7a00000,0x00000000f8980000)
  to   space 15872K, 0% used [0x00000000f8c00000,0x00000000f8c00000,0x00000000f9b80000)
 ParOldGen       total 349696K, used 349695K [0x00000000e0000000, 0x00000000f5580000, 0x00000000f5580000)
  object space 349696K, 99% used [0x00000000e0000000,0x00000000f557fdb0,0x00000000f5580000)
 Metaspace       used 64995K, committed 65856K, reserved 1114112K
  class space    used 6231K, committed 6592K, reserved 1048576K
}
Event: 1855.288 GC heap after
{Heap after GC invocations=1000 (full 896):
 PSYoungGen      total 53248K, used 37376K [0x00000000f5580000, 0x00000000f9b80000, 0x0000000100000000)
  eden space 37376K, 100% used [0x00000000f5580000,0x00000000f7a00000,0x00000000f7a00000)
  from space 15872K, 0% used [0x00000000f8c00000,0x00000000f8c00000,0x00000000f9b80000)
  to   space 15872K, 0% used [0x00000000f7a00000,0x00000000f7a00000,0x00000000f8980000)
 ParOldGen       total 349696K, used 349695K [0x00000000e0000000, 0x00000000f5580000, 0x00000000f5580000)
  object space 349696K, 99% used [0x00000000e0000000,0x00000000f557fcc8,0x00000000f5580000)
 Metaspace       used 64995K, committed 65856K, reserved 1114112K
  class space    used 6231K, committed 6592K, reserved 1048576K
}

Dll operation events (9 events):
Event: 0.004 Loaded shared library /nix/store/gpxl5qgg8kicmcvivwmybwjlpf7wh20l-graalvm17-ce-22.3.0/lib/libjava.so
Event: 0.011 Loaded shared library /nix/store/gpxl5qgg8kicmcvivwmybwjlpf7wh20l-graalvm17-ce-22.3.0/lib/libjsvml.so
Event: 0.286 Loaded shared library /nix/store/gpxl5qgg8kicmcvivwmybwjlpf7wh20l-graalvm17-ce-22.3.0/lib/libnio.so
Event: 0.290 Loaded shared library /nix/store/gpxl5qgg8kicmcvivwmybwjlpf7wh20l-graalvm17-ce-22.3.0/lib/libzip.so
Event: 0.296 Loaded shared library /nix/store/gpxl5qgg8kicmcvivwmybwjlpf7wh20l-graalvm17-ce-22.3.0/lib/libjvmcicompiler.so
Event: 0.740 Loaded shared library /nix/store/gpxl5qgg8kicmcvivwmybwjlpf7wh20l-graalvm17-ce-22.3.0/lib/libjimage.so
Event: 2.603 Loaded shared library /nix/store/gpxl5qgg8kicmcvivwmybwjlpf7wh20l-graalvm17-ce-22.3.0/lib/libnet.so
Event: 4.310 Loaded shared library /home/runner/.cache/jdt-language-server/config/org.eclipse.equinox.launcher/org.eclipse.equinox.launcher.gtk.linux.x86_64_1.2.400.v20211117-0650/eclipse_11600.so
Event: 244.979 Loaded shared library /nix/store/gpxl5qgg8kicmcvivwmybwjlpf7wh20l-graalvm17-ce-22.3.0/lib/libextnet.so

Deoptimization events (20 events):
Event: 1356.047 Thread 0x00007f51201b3940 Uncommon trap: trap_request=0xffffff8f fr.pc=0x00007f5182fe3c14 relative=0x0000000000000274
Event: 1356.047 Thread 0x00007f51201b3940 Uncommon trap: reason=constraint action=none pc=0x00007f5182fe3c14 method=java.lang.StringLatin1.newString([BII)Ljava/lang/String; @ 0 jvmci
Event: 1356.047 Thread 0x00007f51201b3940 DEOPT PACKING pc=0x00007f5182fe3c14 sp=0x00007f5179313b50
Event: 1356.047 Thread 0x00007f51201b3940 DEOPT UNPACKING pc=0x00007f517b505325 sp=0x00007f5179312ff8 mode 3
Event: 1370.002 Thread 0x00007f512016ce30 Uncommon trap: trap_request=0xffffff8f fr.pc=0x00007f51831b49d1 relative=0x0000000000001091
Event: 1370.002 Thread 0x00007f512016ce30 Uncommon trap: reason=constraint action=none pc=0x00007f51831b49d1 method=org.eclipse.jdt.internal.core.index.DiskIndex.copyQueryResults(Lorg/eclipse/jdt/internal/compiler/util/HashtableOfObject;I)V @ 123 jvmci
Event: 1370.002 Thread 0x00007f512016ce30 DEOPT PACKING pc=0x00007f51831b49d1 sp=0x00007f51401fd060
Event: 1370.002 Thread 0x00007f512016ce30 DEOPT UNPACKING pc=0x00007f517b505325 sp=0x00007f51401fc520 mode 3
Event: 1373.692 Thread 0x00007f512016ce30 Uncommon trap: trap_request=0xffffff8f fr.pc=0x00007f5183249a14 relative=0x0000000000000274
Event: 1373.692 Thread 0x00007f512016ce30 Uncommon trap: reason=constraint action=none pc=0x00007f5183249a14 method=org.eclipse.jdt.internal.core.index.DiskIndex$IntList.add(I)V @ 0 jvmci
Event: 1373.692 Thread 0x00007f512016ce30 DEOPT PACKING pc=0x00007f5183249a14 sp=0x00007f51401fd000
Event: 1373.692 Thread 0x00007f512016ce30 DEOPT UNPACKING pc=0x00007f517b505325 sp=0x00007f51401fc4b0 mode 3
Event: 1377.790 Thread 0x00007f51201b3940 Uncommon trap: trap_request=0xffffff8f fr.pc=0x00007f5182f90a98 relative=0x00000000000001f8
Event: 1377.790 Thread 0x00007f51201b3940 Uncommon trap: reason=constraint action=none pc=0x00007f5182f90a98 method=java.util.Arrays.copyOfRange([BII)[B @ 0 jvmci
Event: 1377.790 Thread 0x00007f51201b3940 DEOPT PACKING pc=0x00007f5182f90a98 sp=0x00007f5179313ac0
Event: 1377.790 Thread 0x00007f51201b3940 DEOPT UNPACKING pc=0x00007f517b505325 sp=0x00007f5179312f58 mode 3
Event: 1630.997 Thread 0x00007f511c0010d0 Uncommon trap: trap_request=0xffffffcd fr.pc=0x00007f518324f694 relative=0x0000000000000574
Event: 1630.997 Thread 0x00007f511c0010d0 Uncommon trap: reason=intrinsic_or_type_checked_inlining action=reinterpret pc=0x00007f518324f694 method=org.eclipse.jdt.internal.compiler.util.HashtableOfObjectToInt.put(Ljava/lang/Object;I)I @ 10 jvmci
Event: 1630.997 Thread 0x00007f511c0010d0 DEOPT PACKING pc=0x00007f518324f694 sp=0x00007f5140ffdec0
Event: 1630.997 Thread 0x00007f511c0010d0 DEOPT UNPACKING pc=0x00007f517b505325 sp=0x00007f5140ffd378 mode 3

Classes unloaded (20 events):
Event: 147.959 Thread 0x00007f51940a1c30 Unloading class 0x0000000800cb0800 'java/lang/invoke/LambdaForm$MH+0x0000000800cb0800'
Event: 147.959 Thread 0x00007f51940a1c30 Unloading class 0x0000000800cb0000 'java/lang/invoke/LambdaForm$MH+0x0000000800cb0000'
Event: 159.725 Thread 0x00007f51940a1c30 Unloading class 0x0000000800ffc400 'jdk/internal/reflect/GeneratedSerializationConstructorAccessor33'
Event: 159.725 Thread 0x00007f51940a1c30 Unloading class 0x0000000800ffc000 'jdk/internal/reflect/GeneratedSerializationConstructorAccessor32'
Event: 159.725 Thread 0x00007f51940a1c30 Unloading class 0x0000000800ff7400 'jdk/internal/reflect/GeneratedSerializationConstructorAccessor31'
Event: 159.725 Thread 0x00007f51940a1c30 Unloading class 0x0000000800ff7000 'jdk/internal/reflect/GeneratedSerializationConstructorAccessor30'
Event: 164.487 Thread 0x00007f51940a1c30 Unloading class 0x0000000801088c00 'jdk/internal/reflect/GeneratedMethodAccessor12'
Event: 164.487 Thread 0x00007f51940a1c30 Unloading class 0x0000000801088800 'jdk/internal/reflect/GeneratedMethodAccessor11'
Event: 164.487 Thread 0x00007f51940a1c30 Unloading class 0x0000000801084000 'jdk/internal/reflect/GeneratedMethodAccessor9'
Event: 164.487 Thread 0x00007f51940a1c30 Unloading class 0x0000000800e05c00 'jdk/internal/reflect/GeneratedMethodAccessor8'
Event: 169.487 Thread 0x00007f51940a1c30 Unloading class 0x0000000801084400 'jdk/internal/reflect/GeneratedMethodAccessor10'
Event: 179.692 Thread 0x00007f51940a1c30 Unloading class 0x0000000800e04c00 'jdk/internal/reflect/GeneratedMethodAccessor7'
Event: 190.761 Thread 0x00007f51940a1c30 Unloading class 0x000000080116c800 'jdk/internal/reflect/GeneratedConstructorAccessor28'
Event: 190.761 Thread 0x00007f51940a1c30 Unloading class 0x0000000800ffc800 'jdk/internal/reflect/GeneratedConstructorAccessor14'
Event: 406.731 Thread 0x00007f51940a1c30 Unloading class 0x0000000801213000 'jdk/internal/reflect/GeneratedConstructorAccessor40'
Event: 406.731 Thread 0x00007f51940a1c30 Unloading class 0x0000000801212c00 'jdk/internal/reflect/GeneratedConstructorAccessor39'
Event: 406.731 Thread 0x00007f51940a1c30 Unloading class 0x0000000801212800 'jdk/internal/reflect/GeneratedConstructorAccessor38'
Event: 406.731 Thread 0x00007f51940a1c30 Unloading class 0x0000000801212400 'jdk/internal/reflect/GeneratedConstructorAccessor37'
Event: 421.411 Thread 0x00007f51940a1c30 Unloading class 0x00000008011cc000 'jdk/internal/reflect/GeneratedConstructorAccessor35'
Event: 487.814 Thread 0x00007f51940a1c30 Unloading class 0x0000000800ffc800 'jdk/internal/reflect/GeneratedConstructorAccessor31'

Classes redefined (0 events):
No events

Internal exceptions (20 events):
Event: 296.136 Thread 0x00007f50d8010a10 Exception <a 'java/io/IOException'{0x00000000f79ce6d0}> (0x00000000f79ce6d0) 
thrown [src/hotspot/share/prims/jni.cpp, line 516]
Event: 296.137 Thread 0x00007f50d8010a10 Exception <a 'java/io/IOException'{0x00000000f79cf200}> (0x00000000f79cf200) 
thrown [src/hotspot/share/prims/jni.cpp, line 516]
Event: 296.179 Thread 0x00007f50d8010a10 Exception <a 'java/io/IOException'{0x00000000f79d1c88}> (0x00000000f79d1c88) 
thrown [src/hotspot/share/prims/jni.cpp, line 516]
Event: 296.179 Thread 0x00007f50d8010a10 Exception <a 'java/io/IOException'{0x00000000f79d2a00}> (0x00000000f79d2a00) 
thrown [src/hotspot/share/prims/jni.cpp, line 516]
Event: 760.195 Thread 0x00007f511c0010d0 Implicit null exception at 0x00007f5183270b08 to 0x00007f5183270e31
Event: 1326.091 Thread 0x00007f519439b180 Exception <a 'java/lang/OutOfMemoryError'{0x00000000e00ce468}> (0x00000000e00ce468) 
thrown [src/hotspot/share/gc/shared/memAllocator.cpp, line 136]
Event: 1341.609 Thread 0x00007f51201c50f0 Exception <a 'java/lang/OutOfMemoryError'{0x00000000e00ce468}> (0x00000000e00ce468) 
thrown [src/hotspot/share/gc/shared/memAllocator.cpp, line 136]
Event: 1352.031 Thread 0x00007f51201b3940 Exception <a 'java/lang/OutOfMemoryError'{0x00000000e00ce148}> (0x00000000e00ce148) 
thrown [src/hotspot/share/gc/shared/memAllocator.cpp, line 138]
Event: 1352.031 Thread 0x00007f51201b3940 Implicit null exception at 0x00007f518301c6d7 to 0x00007f518301c781
Event: 1356.047 Thread 0x00007f51201b3940 Exception <a 'java/lang/OutOfMemoryError'{0x00000000e00ce148}> (0x00000000e00ce148) 
thrown [src/hotspot/share/gc/shared/memAllocator.cpp, line 138]
Event: 1356.047 Thread 0x00007f51201b3940 Implicit null exception at 0x00007f5182fe3b2f to 0x00007f5182fe3bf9
Event: 1366.490 Thread 0x00007f51201ce820 Exception <a 'java/lang/OutOfMemoryError'{0x00000000e00ce468}> (0x00000000e00ce468) 
thrown [src/hotspot/share/gc/shared/memAllocator.cpp, line 136]
Event: 1370.002 Thread 0x00007f512016ce30 Exception <a 'java/lang/OutOfMemoryError'{0x00000000e00ce148}> (0x00000000e00ce148) 
thrown [src/hotspot/share/gc/shared/memAllocator.cpp, line 138]
Event: 1370.002 Thread 0x00007f512016ce30 Implicit null exception at 0x00007f51831b4402 to 0x00007f51831b49b6
Event: 1373.692 Thread 0x00007f512016ce30 Exception <a 'java/lang/OutOfMemoryError'{0x00000000e00ce148}> (0x00000000e00ce148) 
thrown [src/hotspot/share/gc/shared/memAllocator.cpp, line 138]
Event: 1373.692 Thread 0x00007f512016ce30 Implicit null exception at 0x00007f518324996d to 0x00007f51832499f9
Event: 1377.790 Thread 0x00007f51201b3940 Exception <a 'java/lang/OutOfMemoryError'{0x00000000e00ce148}> (0x00000000e00ce148) 
thrown [src/hotspot/share/gc/shared/memAllocator.cpp, line 138]
Event: 1377.790 Thread 0x00007f51201b3940 Implicit null exception at 0x00007f5182f909eb to 0x00007f5182f90a7d
Event: 1381.625 Thread 0x00007f51201b3940 Exception <a 'java/lang/OutOfMemoryError'{0x00000000e00ce468}> (0x00000000e00ce468) 
thrown [src/hotspot/share/gc/shared/memAllocator.cpp, line 136]
Event: 1855.288 Thread 0x00007f51940b2200 Exception <a 'java/lang/OutOfMemoryError'{0x00000000e00ce468}> (0x00000000e00ce468) 
thrown [src/hotspot/share/gc/shared/memAllocator.cpp, line 136]

VM Operations (20 events):
Event: 1838.313 Executing VM operation: ParallelGCFailedAllocation done
Event: 1838.314 Executing VM operation: ParallelGCFailedAllocation
Event: 1840.027 Executing VM operation: ParallelGCFailedAllocation done
Event: 1840.027 Executing VM operation: ParallelGCFailedAllocation
Event: 1841.694 Executing VM operation: ParallelGCFailedAllocation done
Event: 1841.694 Executing VM operation: ParallelGCFailedAllocation
Event: 1843.325 Executing VM operation: ParallelGCFailedAllocation done
Event: 1843.325 Executing VM operation: ParallelGCFailedAllocation
Event: 1844.979 Executing VM operation: ParallelGCFailedAllocation done
Event: 1844.979 Executing VM operation: ParallelGCFailedAllocation
Event: 1846.798 Executing VM operation: ParallelGCFailedAllocation done
Event: 1846.798 Executing VM operation: ParallelGCFailedAllocation
Event: 1848.308 Executing VM operation: ParallelGCFailedAllocation done
Event: 1848.308 Executing VM operation: ParallelGCFailedAllocation
Event: 1850.035 Executing VM operation: ParallelGCFailedAllocation done
Event: 1850.035 Executing VM operation: ParallelGCFailedAllocation
Event: 1851.895 Executing VM operation: ParallelGCFailedAllocation done
Event: 1851.897 Executing VM operation: ParallelGCFailedAllocation
Event: 1855.288 Executing VM operation: ParallelGCFailedAllocation done
Event: 1855.289 Executing VM operation: ParallelGCFailedAllocation

Events (20 events):
Event: 1556.794 Thread 0x00007f51940b4b60 flushing nmethod 0x00007f517c996e90
Event: 1558.534 Thread 0x00007f51940b4b60 flushing nmethod 0x00007f517c9b6790
Event: 1558.534 Thread 0x00007f51940b4b60 flushing nmethod 0x00007f517c9b6d10
Event: 1558.534 Thread 0x00007f51940b4b60 flushing nmethod 0x00007f517c9b7290
Event: 1558.534 Thread 0x00007f51940b4b60 flushing nmethod 0x00007f517c9b7810
Event: 1558.534 Thread 0x00007f51940b4b60 flushing nmethod 0x00007f517c9b7d10
Event: 1558.534 Thread 0x00007f51940b4b60 flushing nmethod 0x00007f517c9d8490
Event: 1558.534 Thread 0x00007f51940b4b60 flushing nmethod 0x00007f517ca2e610
Event: 1558.534 Thread 0x00007f51940b4b60 flushing nmethod 0x00007f517ca55b90
Event: 1558.535 Thread 0x00007f51940b4b60 flushing nmethod 0x00007f517cab3010
Event: 1558.535 Thread 0x00007f51940b4b60 flushing nmethod 0x00007f517cabf310
Event: 1570.109 loading class jdk/internal/logger/SimpleConsoleLogger$Formatting
Event: 1571.998 loading class jdk/internal/logger/SimpleConsoleLogger$Formatting done
Event: 1573.580 loading class java/util/logging/ErrorManager
Event: 1573.580 loading class java/util/logging/ErrorManager done
Event: 1712.511 loading class java/util/logging/Handler$1
Event: 1719.881 loading class java/util/logging/Handler$1 done
Event: 1719.881 loading class java/util/logging/StreamHandler$1
Event: 1719.881 loading class java/util/logging/StreamHandler$1 done
Event: 1844.979 loading class java/util/logging/LogManager$CloseOnReset


Dynamic libraries:
e0000000-f5580000 rw-p 00000000 00:00 0 
f5580000-f9b80000 rw-p 00000000 00:00 0 
f9b80000-100000000 ---p 00000000 00:00 0 
800000000-800449000 rw-p 00001000 00:19d0 4611686019135357769            /nix/store/gpxl5qgg8kicmcvivwmybwjlpf7wh20l-graalvm17-ce-22.3.0/lib/server/classes.jsa
800449000-800bc8000 r--p 0044a000 00:19d0 4611686019135357769            /nix/store/gpxl5qgg8kicmcvivwmybwjlpf7wh20l-graalvm17-ce-22.3.0/lib/server/classes.jsa
800bc8000-800c00000 ---p 00000000 00:00 0 
800c00000-800c20000 rw-p 00000000 00:00 0 
800c20000-800c40000 rw-p 00000000 00:00 0 
800c40000-800cc0000 rw-p 00000000 00:00 0 
800cc0000-800d00000 rw-p 00000000 00:00 0 
800d00000-800dc0000 rw-p 00000000 00:00 0 
800dc0000-800e00000 rw-p 00000000 00:00 0 
800e00000-801200000 rw-p 00000000 00:00 0 
801200000-801230000 rw-p 00000000 00:00 0 
801230000-801240000 ---p 00000000 00:00 0 
801240000-801280000 rw-p 00000000 00:00 0 
801280000-840c00000 ---p 00000000 00:00 0 
55c2a1783000-55c2a1784000 r-xp 00000000 00:19d0 4611686019099417844      /nix/store/gpxl5qgg8kicmcvivwmybwjlpf7wh20l-graalvm17-ce-22.3.0/bin/.java-wrapped
55c2a1785000-55c2a1786000 r--p 00001000 00:19d0 4611686019099417844      /nix/store/gpxl5qgg8kicmcvivwmybwjlpf7wh20l-graalvm17-ce-22.3.0/bin/.java-wrapped
55c2a1786000-55c2a1787000 rw-p 00002000 00:19d0 4611686019099417844      /nix/store/gpxl5qgg8kicmcvivwmybwjlpf7wh20l-graalvm17-ce-22.3.0/bin/.java-wrapped
55c2a1787000-55c2a1788000 rw-p 00004000 00:19d0 4611686019099417844      /nix/store/gpxl5qgg8kicmcvivwmybwjlpf7wh20l-graalvm17-ce-22.3.0/bin/.java-wrapped
55c2a1788000-55c2a1789000 rw-p 00005000 00:19d0 4611686019099417844      /nix/store/gpxl5qgg8kicmcvivwmybwjlpf7wh20l-graalvm17-ce-22.3.0/bin/.java-wrapped
55c2a293e000-55c2a2986000 rw-p 00000000 00:00 0                          [heap]
7f50b0000000-7f50b0021000 rw-p 00000000 00:00 0 
7f50b0021000-7f50b4000000 ---p 00000000 00:00 0 
7f50b4000000-7f50b4021000 rw-p 00000000 00:00 0 
7f50b4021000-7f50b8000000 ---p 00000000 00:00 0 
7f50b8000000-7f50b8064000 rw-p 00000000 00:00 0 
7f50b8064000-7f50bc000000 ---p 00000000 00:00 0 
7f50bc000000-7f50bc0fb000 rw-p 00000000 00:00 0 
7f50bc0fb000-7f50c0000000 ---p 00000000 00:00 0 
7f50c0000000-7f50c0021000 rw-p 00000000 00:00 0 
7f50c0021000-7f50c4000000 ---p 00000000 00:00 0 
7f50c4000000-7f50c4021000 rw-p 00000000 00:00 0 
7f50c4021000-7f50c8000000 ---p 00000000 00:00 0 
7f50c8000000-7f50c805f000 rw-p 00000000 00:00 0 
7f50c805f000-7f50cc000000 ---p 00000000 00:00 0 
7f50cc000000-7f50cc021000 rw-p 00000000 00:00 0 
7f50cc021000-7f50d0000000 ---p 00000000 00:00 0 
7f50d0000000-7f50d0021000 rw-p 00000000 00:00 0 
7f50d0021000-7f50d4000000 ---p 00000000 00:00 0 
7f50d4000000-7f50d4021000 rw-p 00000000 00:00 0 
7f50d4021000-7f50d8000000 ---p 00000000 00:00 0 
7f50d8000000-7f50d804e000 rw-p 00000000 00:00 0 
7f50d804e000-7f50dc000000 ---p 00000000 00:00 0 
7f50e0000000-7f50e015a000 rw-p 00000000 00:00 0 
7f50e015a000-7f50e4000000 ---p 00000000 00:00 0 
7f50e4000000-7f50e4103000 rw-p 00000000 00:00 0 
7f50e4103000-7f50e8000000 ---p 00000000 00:00 0 
7f50e8000000-7f50e8123000 rw-p 00000000 00:00 0 
7f50e8123000-7f50ec000000 ---p 00000000 00:00 0 
7f50ec000000-7f50ec0dc000 rw-p 00000000 00:00 0 
7f50ec0dc000-7f50f0000000 ---p 00000000 00:00 0 
7f50f0000000-7f50f0069000 rw-p 00000000 00:00 0 
7f50f0069000-7f50f4000000 ---p 00000000 00:00 0 
7f50f64b3000-7f5100000000 r--s 00000000 00:19d0 4611686019135192581      /nix/store/gpxl5qgg8kicmcvivwmybwjlpf7wh20l-graalvm17-ce-22.3.0/lib/modules
7f5100000000-7f510023f000 rw-p 00000000 00:00 0 
7f510023f000-7f5104000000 ---p 00000000 00:00 0 
7f5104000000-7f5104100000 rw-p 00000000 00:00 0 
7f5104100000-7f5104150000 rw-p 00000000 00:00 0 
7f5104150000-7f5104180000 ---p 00000000 00:00 0 
7f5104180000-7f5104210000 rw-p 00000000 00:00 0 
7f5104210000-7f5104800000 ---p 00000000 00:00 0 
7f5105000000-7f5105500000 rw-p 00000000 00:00 0 
7f5105500000-7f5105600000 rw-p 00000000 00:00 0 
7f5105600000-7f5105700000 rw-p 00000000 00:00 0 
7f5105700000-7f5105800000 rw-p 00000000 00:00 0 
7f5106400000-7f5106c00000 rw-p 00000000 00:00 0 
7f5106c00000-7f5106dc0000 rw-p 00000000 00:00 0 
7f5106dc0000-7f5106f00000 rw-p 00000000 00:00 0 
7f5106f00000-7f5107000000 rw-p 00000000 00:00 0 
7f5107000000-7f5107400000 rw-p 00000000 00:00 0 
7f5107800000-7f5108000000 rw-p 00000000 00:00 0 
7f5108000000-7f5108021000 rw-p 00000000 00:00 0 
7f5108021000-7f510c000000 ---p 00000000 00:00 0 
7f510c000000-7f510c021000 rw-p 00000000 00:00 0 
7f510c021000-7f5110000000 ---p 00000000 00:00 0 
7f5110000000-7f5110025000 rw-p 00000000 00:00 0 
7f5110025000-7f5114000000 ---p 00000000 00:00 0 
7f5114000000-7f5114021000 rw-p 00000000 00:00 0 
7f5114021000-7f5118000000 ---p 00000000 00:00 0 
7f5118000000-7f511834a000 rw-p 00000000 00:00 0 
7f511834a000-7f511c000000 ---p 00000000 00:00 0 
7f511c000000-7f511c192000 rw-p 00000000 00:00 0 
7f511c192000-7f5120000000 ---p 00000000 00:00 0 
7f5120000000-7f51201df000 rw-p 00000000 00:00 0 
7f51201df000-7f5124000000 ---p 00000000 00:00 0 
7f5124000000-7f5124021000 rw-p 00000000 00:00 0 
7f5124021000-7f5128000000 ---p 00000000 00:00 0 
7f5128000000-7f51288d5000 rw-p 00000000 00:00 0 
7f51288d5000-7f512c000000 ---p 00000000 00:00 0 
7f512c000000-7f512c021000 rw-p 00000000 00:00 0 
7f512c021000-7f5130000000 ---p 00000000 00:00 0 
7f5130000000-7f5130021000 rw-p 00000000 00:00 0 
7f5130021000-7f5134000000 ---p 00000000 00:00 0 
7f5134000000-7f5134021000 rw-p 00000000 00:00 0 
7f5134021000-7f5138000000 ---p 00000000 00:00 0 
7f5138000000-7f5138108000 rw-p 00000000 00:00 0 
7f5138108000-7f513c000000 ---p 00000000 00:00 0 
7f513c000000-7f513c100000 rw-p 00000000 00:00 0 
7f513c100000-7f513c200000 rw-p 00000000 00:00 0 
7f513c200000-7f513c700000 rw-p 00000000 00:00 0 
7f513c700000-7f513c800000 rw-p 00000000 00:00 0 
7f513c800000-7f513c900000 rw-p 00000000 00:00 0 
7f513c900000-7f513ca00000 rw-p 00000000 00:00 0 
7f513ca00000-7f513cf80000 rw-p 00000000 00:00 0 
7f513cf80000-7f513d000000 rw-p 00000000 00:00 0 
7f513d000000-7f513d010000 r-xp 00000000 00:19c7 356                      /home/runner/.cache/jdt-language-server/config/org.eclipse.equinox.launcher/org.eclipse.equinox.launcher.gtk.linux.x86_64_1.2.400.v20211117-0650/eclipse_11600.so
7f513d010000-7f513d20f000 ---p 00010000 00:19c7 356                      /home/runner/.cache/jdt-language-server/config/org.eclipse.equinox.launcher/org.eclipse.equinox.launcher.gtk.linux.x86_64_1.2.400.v20211117-0650/eclipse_11600.so
7f513d20f000-7f513d210000 r--p 0000f000 00:19c7 356                      /home/runner/.cache/jdt-language-server/config/org.eclipse.equinox.launcher/org.eclipse.equinox.launcher.gtk.linux.x86_64_1.2.400.v20211117-0650/eclipse_11600.so
7f513d210000-7f513d211000 rw-p 00010000 00:19c7 356                      /home/runner/.cache/jdt-language-server/config/org.eclipse.equinox.launcher/org.eclipse.equinox.launcher.gtk.linux.x86_64_1.2.400.v20211117-0650/eclipse_11600.so
7f513eca9000-7f513ef00000 rw-p 00000000 00:00 0 
7f513ef00000-7f513f000000 ---p 00000000 00:00 0 
7f513f000000-7f513f5af000 r--p 01122000 00:19d0 4611686019135190040      /nix/store/gpxl5qgg8kicmcvivwmybwjlpf7wh20l-graalvm17-ce-22.3.0/lib/libjvmcicompiler.so
7f513f5af000-7f513f700000 r--p 00000000 00:00 0 
7f513f700000-7f513f73d000 rw-p 00000000 00:00 0 
7f513f73d000-7f513fc5d000 rw-p 0185f000 00:19d0 4611686019135190040      /nix/store/gpxl5qgg8kicmcvivwmybwjlpf7wh20l-graalvm17-ce-22.3.0/lib/libjvmcicompiler.so
7f513fc5d000-7f5140044000 r--p 01d7f000 00:19d0 4611686019135190040      /nix/store/gpxl5qgg8kicmcvivwmybwjlpf7wh20l-graalvm17-ce-22.3.0/lib/libjvmcicompiler.so
7f5140100000-7f5140104000 ---p 00000000 00:00 0 
7f5140104000-7f5140200000 rw-p 00000000 00:00 0 
7f5140300000-7f5140304000 ---p 00000000 00:00 0 
7f5140304000-7f5140400000 rw-p 00000000 00:00 0 
7f5140500000-7f5140504000 ---p 00000000 00:00 0 
7f5140504000-7f5140600000 rw-p 00000000 00:00 0 
7f5140700000-7f5140704000 ---p 00000000 00:00 0 
7f5140704000-7f5140800000 rw-p 00000000 00:00 0 
7f5140800000-7f5140804000 ---p 00000000 00:00 0 
7f5140804000-7f5140900000 rw-p 00000000 00:00 0 
7f5140900000-7f5140904000 ---p 00000000 00:00 0 
7f5140904000-7f5140a00000 rw-p 00000000 00:00 0 
7f5140b00000-7f5140b04000 ---p 00000000 00:00 0 
7f5140b04000-7f5140c00000 rw-p 00000000 00:00 0 
7f5140c00000-7f5140c04000 ---p 00000000 00:00 0 
7f5140c04000-7f5140d00000 rw-p 00000000 00:00 0 
7f5140d00000-7f5140d04000 ---p 00000000 00:00 0 
7f5140d04000-7f5140e00000 rw-p 00000000 00:00 0 
7f5140f00000-7f5140f04000 ---p 00000000 00:00 0 
7f5140f04000-7f5141000000 rw-p 00000000 00:00 0 
7f5141100000-7f5141104000 ---p 00000000 00:00 0 
7f5141104000-7f5141200000 rw-p 00000000 00:00 0 
7f5141300000-7f5141304000 ---p 00000000 00:00 0 
7f5141304000-7f5141400000 rw-p 00000000 00:00 0 
7f5141500000-7f5141504000 ---p 00000000 00:00 0 
7f5141504000-7f5141600000 rw-p 00000000 00:00 0 
7f5141700000-7f5141704000 ---p 00000000 00:00 0 
7f5141704000-7f5141800000 rw-p 00000000 00:00 0 
7f5141900000-7f5141904000 ---p 00000000 00:00 0 
7f5141904000-7f5141a00000 rw-p 00000000 00:00 0 
7f5141a00000-7f5141a04000 ---p 00000000 00:00 0 
7f5141a04000-7f5141b00000 rw-p 00000000 00:00 0 
7f5141b00000-7f5141b04000 ---p 00000000 00:00 0 
7f5141b04000-7f5141c00000 rw-p 00000000 00:00 0 
7f5141c00000-7f5143d6a000 r-xp 00000000 00:19d0 4611686019135190040      /nix/store/gpxl5qgg8kicmcvivwmybwjlpf7wh20l-graalvm17-ce-22.3.0/lib/libjvmcicompiler.so
7f5143d6a000-7f5143f69000 ---p 0216a000 00:19d0 4611686019135190040      /nix/store/gpxl5qgg8kicmcvivwmybwjlpf7wh20l-graalvm17-ce-22.3.0/lib/libjvmcicompiler.so
7f5143f69000-7f5143f6a000 r--p 02169000 00:19d0 4611686019135190040      /nix/store/gpxl5qgg8kicmcvivwmybwjlpf7wh20l-graalvm17-ce-22.3.0/lib/libjvmcicompiler.so
7f5143f6a000-7f5143f6c000 rw-p 0216a000 00:19d0 4611686019135190040      /nix/store/gpxl5qgg8kicmcvivwmybwjlpf7wh20l-graalvm17-ce-22.3.0/lib/libjvmcicompiler.so
7f5143f6c000-7f5143f6d000 rw-p 00000000 00:00 0 
7f5143f6d000-7f5143f72000 rw-p 023c3000 00:19d0 4611686019135190040      /nix/store/gpxl5qgg8kicmcvivwmybwjlpf7wh20l-graalvm17-ce-22.3.0/lib/libjvmcicompiler.so
7f5144000000-7f5144021000 rw-p 00000000 00:00 0 
7f5144021000-7f5148000000 ---p 00000000 00:00 0 
7f5148000000-7f5148021000 rw-p 00000000 00:00 0 
7f5148021000-7f514c000000 ---p 00000000 00:00 0 
7f514c000000-7f514c041000 rw-p 00000000 00:00 0 
7f514c041000-7f5150000000 ---p 00000000 00:00 0 
7f5150000000-7f5150021000 rw-p 00000000 00:00 0 
7f5150021000-7f5154000000 ---p 00000000 00:00 0 
7f5154000000-7f51540f8000 rw-p 00000000 00:00 0 
7f51540f8000-7f5158000000 ---p 00000000 00:00 0 
7f5158000000-7f5158aa7000 rw-p 00000000 00:00 0 
7f5158aa7000-7f515c000000 ---p 00000000 00:00 0 
7f515c000000-7f515c021000 rw-p 00000000 00:00 0 
7f515c021000-7f5160000000 ---p 00000000 00:00 0 
7f5160000000-7f5160021000 rw-p 00000000 00:00 0 
7f5160021000-7f5164000000 ---p 00000000 00:00 0 
7f5164000000-7f5164021000 rw-p 00000000 00:00 0 
7f5164021000-7f5168000000 ---p 00000000 00:00 0 
7f5168000000-7f5168021000 rw-p 00000000 00:00 0 
7f5168021000-7f516c000000 ---p 00000000 00:00 0 
7f516c000000-7f516c021000 rw-p 00000000 00:00 0 
7f516c021000-7f5170000000 ---p 00000000 00:00 0 
7f5170000000-7f5170021000 rw-p 00000000 00:00 0 
7f5170021000-7f5174000000 ---p 00000000 00:00 0 
7f5174000000-7f51741cb000 rw-p 00000000 00:00 0 
7f51741cb000-7f5178000000 ---p 00000000 00:00 0 
7f5178000000-7f5178004000 ---p 00000000 00:00 0 
7f5178004000-7f5178100000 rw-p 00000000 00:00 0 
7f51781bf000-7f5178400000 rw-p 00000000 00:00 0 
7f5178500000-7f5178504000 ---p 00000000 00:00 0 
7f5178504000-7f5178600000 rw-p 00000000 00:00 0 
7f5178700000-7f5178704000 ---p 00000000 00:00 0 
7f5178704000-7f5178800000 rw-p 00000000 00:00 0 
7f5178800000-7f5178804000 ---p 00000000 00:00 0 
7f5178804000-7f5178900000 rw-p 00000000 00:00 0 
7f5178900000-7f5178904000 ---p 00000000 00:00 0 
7f5178904000-7f5178a00000 rw-p 00000000 00:00 0 
7f5178b00000-7f5178b04000 ---p 00000000 00:00 0 
7f5178b04000-7f5178c00000 rw-p 00000000 00:00 0 
7f5178c00000-7f5178c04000 ---p 00000000 00:00 0 
7f5178c04000-7f5178d00000 rw-p 00000000 00:00 0 
7f5178d00000-7f5178d04000 ---p 00000000 00:00 0 
7f5178d04000-7f5178e00000 rw-p 00000000 00:00 0 
7f5178e00000-7f5178e04000 ---p 00000000 00:00 0 
7f5178e04000-7f5178f00000 rw-p 00000000 00:00 0 
7f5178f00000-7f5178f04000 ---p 00000000 00:00 0 
7f5178f04000-7f5179000000 rw-p 00000000 00:00 0 
7f5179000000-7f5179004000 ---p 00000000 00:00 0 
7f5179004000-7f5179100000 rw-p 00000000 00:00 0 
7f5179100000-7f5179104000 ---p 00000000 00:00 0 
7f5179104000-7f5179200000 rw-p 00000000 00:00 0 
7f5179216000-7f517921a000 ---p 00000000 00:00 0 
7f517921a000-7f5179316000 rw-p 00000000 00:00 0 
7f5179316000-7f5179317000 ---p 00000000 00:00 0 
7f5179317000-7f5179418000 rw-p 00000000 00:00 0 
7f5179418000-7f517941c000 ---p 00000000 00:00 0 
7f517941c000-7f5179518000 rw-p 00000000 00:00 0 
7f5179518000-7f517951c000 ---p 00000000 00:00 0 
7f517951c000-7f5179618000 rw-p 00000000 00:00 0 
7f5179618000-7f517961c000 ---p 00000000 00:00 0 
7f517961c000-7f5179718000 rw-p 00000000 00:00 0 
7f5179718000-7f517971c000 ---p 00000000 00:00 0 
7f517971c000-7f5179918000 rw-p 00000000 00:00 0 
7f5179918000-7f517991c000 ---p 00000000 00:00 0 
7f517991c000-7f5179b18000 rw-p 00000000 00:00 0 
7f5179b18000-7f5179b1c000 ---p 00000000 00:00 0 
7f5179b1c000-7f5179c18000 rw-p 00000000 00:00 0 
7f5179c18000-7f5179c1c000 ---p 00000000 00:00 0 
7f5179c1c000-7f5179d18000 rw-p 00000000 00:00 0 
7f5179d18000-7f5179d1c000 ---p 00000000 00:00 0 
7f5179d1c000-7f5179e18000 rw-p 00000000 00:00 0 
7f5179e18000-7f517a0fe000 r--p 00000000 00:a47 28444448                  /usr/lib/locale/locale-archive
7f517a0fe000-7f517a102000 ---p 00000000 00:00 0 
7f517a102000-7f517a1fe000 rw-p 00000000 00:00 0 
7f517a1fe000-7f517a202000 ---p 00000000 00:00 0 
7f517a202000-7f517a2fe000 rw-p 00000000 00:00 0 
7f517a2fe000-7f517a2ff000 ---p 00000000 00:00 0 
7f517a2ff000-7f517a800000 rw-p 00000000 00:00 0 
7f517a800000-7f517ab00000 rw-p 00000000 00:00 0 
7f517ab00000-7f517ac00000 rw-p 00000000 00:00 0 
7f517ac83000-7f517ac87000 ---p 00000000 00:00 0 
7f517ac87000-7f517aca5000 rw-p 00000000 00:00 0 
7f517aca5000-7f517acba000 r-xp 00000000 00:19d0 4611686019135192570      /nix/store/gpxl5qgg8kicmcvivwmybwjlpf7wh20l-graalvm17-ce-22.3.0/lib/libnet.so
7f517acba000-7f517acbb000 ---p 00015000 00:19d0 4611686019135192570      /nix/store/gpxl5qgg8kicmcvivwmybwjlpf7wh20l-graalvm17-ce-22.3.0/lib/libnet.so
7f517acbb000-7f517acbc000 r--p 00015000 00:19d0 4611686019135192570      /nix/store/gpxl5qgg8kicmcvivwmybwjlpf7wh20l-graalvm17-ce-22.3.0/lib/libnet.so
7f517acbc000-7f517acbd000 rw-p 00016000 00:19d0 4611686019135192570      /nix/store/gpxl5qgg8kicmcvivwmybwjlpf7wh20l-graalvm17-ce-22.3.0/lib/libnet.so
7f517acbd000-7f517acc0000 rw-p 0001b000 00:19d0 4611686019135192570      /nix/store/gpxl5qgg8kicmcvivwmybwjlpf7wh20l-graalvm17-ce-22.3.0/lib/libnet.so
7f517acc0000-7f517ad8e000 r-xp 00000000 00:19d0 4611686019135190036      /nix/store/gpxl5qgg8kicmcvivwmybwjlpf7wh20l-graalvm17-ce-22.3.0/lib/libjsvml.so
7f517ad8e000-7f517ad8f000 r--p 000cd000 00:19d0 4611686019135190036      /nix/store/gpxl5qgg8kicmcvivwmybwjlpf7wh20l-graalvm17-ce-22.3.0/lib/libjsvml.so
7f517ad8f000-7f517ad90000 rw-p 000ce000 00:19d0 4611686019135190036      /nix/store/gpxl5qgg8kicmcvivwmybwjlpf7wh20l-graalvm17-ce-22.3.0/lib/libjsvml.so
7f517ad90000-7f517b4b3000 rw-p 00000000 00:00 0 
7f517b4b3000-7f517b723000 rwxp 00000000 00:00 0 
7f517b723000-7f517ba42000 ---p 00000000 00:00 0 
7f517ba42000-7f517ccf2000 rwxp 00000000 00:00 0 
7f517ccf2000-7f5182f7a000 ---p 00000000 00:00 0 
7f5182f7a000-7f518328a000 rwxp 00000000 00:00 0 
7f518328a000-7f518a4b3000 ---p 00000000 00:00 0 
7f518a4b3000-7f5194000000 r--s 00000000 00:19d0 4611686019135192581      /nix/store/gpxl5qgg8kicmcvivwmybwjlpf7wh20l-graalvm17-ce-22.3.0/lib/modules
7f5194000000-7f5194458000 rw-p 00000000 00:00 0 
7f5194458000-7f5198000000 ---p 00000000 00:00 0 
7f5198008000-7f519800a000 r-xp 00000000 00:19d0 4611686019135190017      /nix/store/gpxl5qgg8kicmcvivwmybwjlpf7wh20l-graalvm17-ce-22.3.0/lib/libextnet.so
7f519800a000-7f519800b000 r--p 00001000 00:19d0 4611686019135190017      /nix/store/gpxl5qgg8kicmcvivwmybwjlpf7wh20l-graalvm17-ce-22.3.0/lib/libextnet.so
7f519800b000-7f519800c000 rw-p 00002000 00:19d0 4611686019135190017      /nix/store/gpxl5qgg8kicmcvivwmybwjlpf7wh20l-graalvm17-ce-22.3.0/lib/libextnet.so
7f519800c000-7f519800d000 rw-p 00004000 00:19d0 4611686019135190017      /nix/store/gpxl5qgg8kicmcvivwmybwjlpf7wh20l-graalvm17-ce-22.3.0/lib/libextnet.so
7f519800d000-7f5198014000 r-xp 00000000 00:19d0 4611686019135192580      /nix/store/gpxl5qgg8kicmcvivwmybwjlpf7wh20l-graalvm17-ce-22.3.0/lib/libzip.so
7f5198014000-7f5198015000 ---p 00007000 00:19d0 4611686019135192580      /nix/store/gpxl5qgg8kicmcvivwmybwjlpf7wh20l-graalvm17-ce-22.3.0/lib/libzip.so
7f5198015000-7f5198016000 r--p 00007000 00:19d0 4611686019135192580      /nix/store/gpxl5qgg8kicmcvivwmybwjlpf7wh20l-graalvm17-ce-22.3.0/lib/libzip.so
7f5198016000-7f5198017000 rw-p 00008000 00:19d0 4611686019135192580      /nix/store/gpxl5qgg8kicmcvivwmybwjlpf7wh20l-graalvm17-ce-22.3.0/lib/libzip.so
7f5198017000-7f5198019000 rw-p 0000b000 00:19d0 4611686019135192580      /nix/store/gpxl5qgg8kicmcvivwmybwjlpf7wh20l-graalvm17-ce-22.3.0/lib/libzip.so
7f5198019000-7f519802c000 r-xp 00000000 00:19d0 4611686019135192571      /nix/store/gpxl5qgg8kicmcvivwmybwjlpf7wh20l-graalvm17-ce-22.3.0/lib/libnio.so
7f519802c000-7f519802d000 r--p 00012000 00:19d0 4611686019135192571      /nix/store/gpxl5qgg8kicmcvivwmybwjlpf7wh20l-graalvm17-ce-22.3.0/lib/libnio.so
7f519802d000-7f519802e000 rw-p 00013000 00:19d0 4611686019135192571      /nix/store/gpxl5qgg8kicmcvivwmybwjlpf7wh20l-graalvm17-ce-22.3.0/lib/libnio.so
7f519802e000-7f5198033000 rw-p 00019000 00:19d0 4611686019135192571      /nix/store/gpxl5qgg8kicmcvivwmybwjlpf7wh20l-graalvm17-ce-22.3.0/lib/libnio.so
7f5198033000-7f51991e8000 rw-p 00000000 00:00 0 
7f51991e8000-7f51991e9000 ---p 00000000 00:00 0 
7f51991e9000-7f5199394000 rw-p 00000000 00:00 0 
7f5199394000-7f51993b8000 rw-p 00000000 00:00 0 
7f51993b8000-7f51993ea000 ---p 00000000 00:00 0 
7f51993ea000-7f51993f2000 rw-p 00000000 00:00 0 
7f51993f2000-7f51994d6000 ---p 00000000 00:00 0 
7f51994d6000-7f51994fc000 rw-p 00000000 00:00 0 
7f51994fc000-7f51995c1000 ---p 00000000 00:00 0 
7f51995c1000-7f51995c6000 rw-p 00000000 00:00 0 
7f51995c6000-7f51995cd000 ---p 00000000 00:00 0 
7f51995cd000-7f51995f1000 r-xp 00000000 00:19d0 4611686019135190028      /nix/store/gpxl5qgg8kicmcvivwmybwjlpf7wh20l-graalvm17-ce-22.3.0/lib/libjava.so
7f51995f1000-7f51995f2000 ---p 00024000 00:19d0 4611686019135190028      /nix/store/gpxl5qgg8kicmcvivwmybwjlpf7wh20l-graalvm17-ce-22.3.0/lib/libjava.so
7f51995f2000-7f51995f3000 r--p 00024000 00:19d0 4611686019135190028      /nix/store/gpxl5qgg8kicmcvivwmybwjlpf7wh20l-graalvm17-ce-22.3.0/lib/libjava.so
7f51995f3000-7f51995f4000 rw-p 00025000 00:19d0 4611686019135190028      /nix/store/gpxl5qgg8kicmcvivwmybwjlpf7wh20l-graalvm17-ce-22.3.0/lib/libjava.so
7f51995f4000-7f51995f5000 rw-p 00000000 00:00 0 
7f51995f5000-7f51995fc000 rw-p 0002f000 00:19d0 4611686019135190028      /nix/store/gpxl5qgg8kicmcvivwmybwjlpf7wh20l-graalvm17-ce-22.3.0/lib/libjava.so
7f51995fc000-7f5199604000 rw-s 00000000 00:938 699                       /tmp/hsperfdata_runner/5462
7f5199604000-7f5199605000 ---p 00000000 00:00 0 
7f5199605000-7f5199606000 r--p 00000000 00:00 0 
7f5199606000-7f5199607000 rwxp 00000000 00:00 0 
7f5199607000-7f5199622000 r-xp 00000000 00:19d0 4611686019135190032      /nix/store/gpxl5qgg8kicmcvivwmybwjlpf7wh20l-graalvm17-ce-22.3.0/lib/libjimage.so
7f5199622000-7f5199623000 ---p 0001b000 00:19d0 4611686019135190032      /nix/store/gpxl5qgg8kicmcvivwmybwjlpf7wh20l-graalvm17-ce-22.3.0/lib/libjimage.so
7f5199623000-7f5199625000 r--p 0001b000 00:19d0 4611686019135190032      /nix/store/gpxl5qgg8kicmcvivwmybwjlpf7wh20l-graalvm17-ce-22.3.0/lib/libjimage.so
7f5199625000-7f5199626000 rw-p 0001d000 00:19d0 4611686019135190032      /nix/store/gpxl5qgg8kicmcvivwmybwjlpf7wh20l-graalvm17-ce-22.3.0/lib/libjimage.so
7f5199626000-7f5199627000 rw-p 00024000 00:19d0 4611686019135190032      /nix/store/gpxl5qgg8kicmcvivwmybwjlpf7wh20l-graalvm17-ce-22.3.0/lib/libjimage.so
7f5199627000-7f519962b000 ---p 00000000 00:00 0 
7f519962b000-7f5199727000 rw-p 00000000 00:00 0 
7f5199727000-7f5199735000 r--p 00000000 00:19d0 4611686019027979927      /nix/store/4nlgxhb09sdr51nc9hdm8az5b08vzkgx-glibc-2.35-163/lib/libm.so.6
7f5199735000-7f51997a8000 r-xp 0000e000 00:19d0 4611686019027979927      /nix/store/4nlgxhb09sdr51nc9hdm8az5b08vzkgx-glibc-2.35-163/lib/libm.so.6
7f51997a8000-7f5199805000 r--p 00081000 00:19d0 4611686019027979927      /nix/store/4nlgxhb09sdr51nc9hdm8az5b08vzkgx-glibc-2.35-163/lib/libm.so.6
7f5199805000-7f5199806000 r--p 000dd000 00:19d0 4611686019027979927      /nix/store/4nlgxhb09sdr51nc9hdm8az5b08vzkgx-glibc-2.35-163/lib/libm.so.6
7f5199806000-7f5199807000 rw-p 000de000 00:19d0 4611686019027979927      /nix/store/4nlgxhb09sdr51nc9hdm8az5b08vzkgx-glibc-2.35-163/lib/libm.so.6
7f5199807000-7f5199808000 r--p 00000000 00:19d0 4611686019027979946      /nix/store/4nlgxhb09sdr51nc9hdm8az5b08vzkgx-glibc-2.35-163/lib/librt.so.1
7f5199808000-7f5199809000 r-xp 00001000 00:19d0 4611686019027979946      /nix/store/4nlgxhb09sdr51nc9hdm8az5b08vzkgx-glibc-2.35-163/lib/librt.so.1
7f5199809000-7f519980a000 r--p 00002000 00:19d0 4611686019027979946      /nix/store/4nlgxhb09sdr51nc9hdm8az5b08vzkgx-glibc-2.35-163/lib/librt.so.1
7f519980a000-7f519980b000 r--p 00002000 00:19d0 4611686019027979946      /nix/store/4nlgxhb09sdr51nc9hdm8az5b08vzkgx-glibc-2.35-163/lib/librt.so.1
7f519980b000-7f519980c000 rw-p 00003000 00:19d0 4611686019027979946      /nix/store/4nlgxhb09sdr51nc9hdm8az5b08vzkgx-glibc-2.35-163/lib/librt.so.1
7f519980c000-7f519a91f000 r-xp 00000000 00:19d0 4611686019135360866      /nix/store/gpxl5qgg8kicmcvivwmybwjlpf7wh20l-graalvm17-ce-22.3.0/lib/server/libjvm.so
7f519a91f000-7f519a920000 ---p 01113000 00:19d0 4611686019135360866      /nix/store/gpxl5qgg8kicmcvivwmybwjlpf7wh20l-graalvm17-ce-22.3.0/lib/server/libjvm.so
7f519a920000-7f519a9d5000 r--p 01113000 00:19d0 4611686019135360866      /nix/store/gpxl5qgg8kicmcvivwmybwjlpf7wh20l-graalvm17-ce-22.3.0/lib/server/libjvm.so
7f519a9d5000-7f519aa09000 rw-p 011c8000 00:19d0 4611686019135360866      /nix/store/gpxl5qgg8kicmcvivwmybwjlpf7wh20l-graalvm17-ce-22.3.0/lib/server/libjvm.so
7f519aa09000-7f519aa65000 rw-p 00000000 00:00 0 
7f519aa65000-7f519aa8d000 r--p 00000000 00:19d0 4611686019027979918      /nix/store/4nlgxhb09sdr51nc9hdm8az5b08vzkgx-glibc-2.35-163/lib/libc.so.6
7f519aa8d000-7f519ac03000 r-xp 00028000 00:19d0 4611686019027979918      /nix/store/4nlgxhb09sdr51nc9hdm8az5b08vzkgx-glibc-2.35-163/lib/libc.so.6
7f519ac03000-7f519ac5b000 r--p 0019e000 00:19d0 4611686019027979918      /nix/store/4nlgxhb09sdr51nc9hdm8az5b08vzkgx-glibc-2.35-163/lib/libc.so.6
7f519ac5b000-7f519ac5f000 r--p 001f6000 00:19d0 4611686019027979918      /nix/store/4nlgxhb09sdr51nc9hdm8az5b08vzkgx-glibc-2.35-163/lib/libc.so.6
7f519ac5f000-7f519ac61000 rw-p 001fa000 00:19d0 4611686019027979918      /nix/store/4nlgxhb09sdr51nc9hdm8az5b08vzkgx-glibc-2.35-163/lib/libc.so.6
7f519ac61000-7f519ac70000 rw-p 00000000 00:00 0 
7f519ac70000-7f519ac71000 r--p 00000000 00:19d0 4611686019027979923      /nix/store/4nlgxhb09sdr51nc9hdm8az5b08vzkgx-glibc-2.35-163/lib/libdl.so.2
7f519ac71000-7f519ac72000 r-xp 00001000 00:19d0 4611686019027979923      /nix/store/4nlgxhb09sdr51nc9hdm8az5b08vzkgx-glibc-2.35-163/lib/libdl.so.2
7f519ac72000-7f519ac73000 r--p 00002000 00:19d0 4611686019027979923      /nix/store/4nlgxhb09sdr51nc9hdm8az5b08vzkgx-glibc-2.35-163/lib/libdl.so.2
7f519ac73000-7f519ac74000 r--p 00002000 00:19d0 4611686019027979923      /nix/store/4nlgxhb09sdr51nc9hdm8az5b08vzkgx-glibc-2.35-163/lib/libdl.so.2
7f519ac74000-7f519ac75000 rw-p 00003000 00:19d0 4611686019027979923      /nix/store/4nlgxhb09sdr51nc9hdm8az5b08vzkgx-glibc-2.35-163/lib/libdl.so.2
7f519ac75000-7f519ac76000 r--p 00000000 00:19d0 4611686019027979942      /nix/store/4nlgxhb09sdr51nc9hdm8az5b08vzkgx-glibc-2.35-163/lib/libpthread.so.0
7f519ac76000-7f519ac77000 r-xp 00001000 00:19d0 4611686019027979942      /nix/store/4nlgxhb09sdr51nc9hdm8az5b08vzkgx-glibc-2.35-163/lib/libpthread.so.0
7f519ac77000-7f519ac78000 r--p 00002000 00:19d0 4611686019027979942      /nix/store/4nlgxhb09sdr51nc9hdm8az5b08vzkgx-glibc-2.35-163/lib/libpthread.so.0
7f519ac78000-7f519ac79000 r--p 00002000 00:19d0 4611686019027979942      /nix/store/4nlgxhb09sdr51nc9hdm8az5b08vzkgx-glibc-2.35-163/lib/libpthread.so.0
7f519ac79000-7f519ac7a000 rw-p 00003000 00:19d0 4611686019027979942      /nix/store/4nlgxhb09sdr51nc9hdm8az5b08vzkgx-glibc-2.35-163/lib/libpthread.so.0
7f519ac7a000-7f519ac88000 r-xp 00000000 00:19d0 4611686019135190033      /nix/store/gpxl5qgg8kicmcvivwmybwjlpf7wh20l-graalvm17-ce-22.3.0/lib/libjli.so
7f519ac88000-7f519ac89000 ---p 0000e000 00:19d0 4611686019135190033      /nix/store/gpxl5qgg8kicmcvivwmybwjlpf7wh20l-graalvm17-ce-22.3.0/lib/libjli.so
7f519ac89000-7f519ac8a000 r--p 0000e000 00:19d0 4611686019135190033      /nix/store/gpxl5qgg8kicmcvivwmybwjlpf7wh20l-graalvm17-ce-22.3.0/lib/libjli.so
7f519ac8a000-7f519ac8b000 rw-p 0000f000 00:19d0 4611686019135190033      /nix/store/gpxl5qgg8kicmcvivwmybwjlpf7wh20l-graalvm17-ce-22.3.0/lib/libjli.so
7f519ac8b000-7f519ac8c000 rw-p 00012000 00:19d0 4611686019135190033      /nix/store/gpxl5qgg8kicmcvivwmybwjlpf7wh20l-graalvm17-ce-22.3.0/lib/libjli.so
7f519ac8c000-7f519ac8f000 r--p 00000000 00:19d0 4611686019106210071      /nix/store/026hln0aq1hyshaxsdvhg0kmcm6yf45r-zlib-1.2.13/lib/libz.so.1.2.13
7f519ac8f000-7f519aca1000 r-xp 00003000 00:19d0 4611686019106210071      /nix/store/026hln0aq1hyshaxsdvhg0kmcm6yf45r-zlib-1.2.13/lib/libz.so.1.2.13
7f519aca1000-7f519aca8000 r--p 00015000 00:19d0 4611686019106210071      /nix/store/026hln0aq1hyshaxsdvhg0kmcm6yf45r-zlib-1.2.13/lib/libz.so.1.2.13
7f519aca8000-7f519aca9000 r--p 0001b000 00:19d0 4611686019106210071      /nix/store/026hln0aq1hyshaxsdvhg0kmcm6yf45r-zlib-1.2.13/lib/libz.so.1.2.13
7f519aca9000-7f519acaa000 rw-p 0001c000 00:19d0 4611686019106210071      /nix/store/026hln0aq1hyshaxsdvhg0kmcm6yf45r-zlib-1.2.13/lib/libz.so.1.2.13
7f519acaa000-7f519acac000 rw-p 00000000 00:00 0 
7f519acac000-7f519acae000 r--p 00000000 00:19d0 4611686019027979912      /nix/store/4nlgxhb09sdr51nc9hdm8az5b08vzkgx-glibc-2.35-163/lib/ld-linux-x86-64.so.2
7f519acae000-7f519acd5000 r-xp 00002000 00:19d0 4611686019027979912      /nix/store/4nlgxhb09sdr51nc9hdm8az5b08vzkgx-glibc-2.35-163/lib/ld-linux-x86-64.so.2
7f519acd5000-7f519ace1000 r--p 00029000 00:19d0 4611686019027979912      /nix/store/4nlgxhb09sdr51nc9hdm8az5b08vzkgx-glibc-2.35-163/lib/ld-linux-x86-64.so.2
7f519ace1000-7f519ace3000 r--p 00034000 00:19d0 4611686019027979912      /nix/store/4nlgxhb09sdr51nc9hdm8az5b08vzkgx-glibc-2.35-163/lib/ld-linux-x86-64.so.2
7f519ace3000-7f519ace5000 rw-p 00036000 00:19d0 4611686019027979912      /nix/store/4nlgxhb09sdr51nc9hdm8az5b08vzkgx-glibc-2.35-163/lib/ld-linux-x86-64.so.2
7ffe4832c000-7ffe48351000 rw-p 00000000 00:00 0                          [stack]
7ffe483c6000-7ffe483ca000 r--p 00000000 00:00 0                          [vvar]
7ffe483ca000-7ffe483cc000 r-xp 00000000 00:00 0                          [vdso]
ffffffffff600000-ffffffffff601000 --xp 00000000 00:00 0                  [vsyscall]


VM Arguments:
jvm_args: -XX:ThreadPriorityPolicy=1 -XX:+UnlockExperimentalVMOptions -XX:+EnableJVMCIProduct -XX:JVMCIThreadsPerNativeLibraryRuntime=1 -XX:-UnlockExperimentalVMOptions -Declipse.application=org.eclipse.jdt.ls.core.id1 -Dosgi.bundles.defaultStartLevel=4 -Declipse.product=org.eclipse.jdt.ls.core.product -Dlog.level=ALL -Xverify:none -XX:+UseParallelGC -XX:GCTimeRatio=4 -XX:AdaptiveSizePolicyWeight=90 -Dsun.zip.disableMemoryMapping=true -Xmx512m -Xms100m 
java_command: /nix/store/m6gcpi1ii6rghy04cjwjddcavv7i90df-jdt-language-server-1.9.0/share/java/plugins/org.eclipse.equinox.launcher_1.6.400.v20210924-0641.jar --add-modules=ALL-SYSTEM --add-opens java.base/java.util=ALL-UNNAMED --add-opens java.base/java.lang=ALL-UNNAMED -configuration /home/runner/.cache/jdt-language-server/config -data /home/runner/.cache/jdt-language-server/data/home/runner/final-exam-ZimmermanTyler
java_class_path (initial): /nix/store/m6gcpi1ii6rghy04cjwjddcavv7i90df-jdt-language-server-1.9.0/share/java/plugins/org.eclipse.equinox.launcher_1.6.400.v20210924-0641.jar
Launcher Type: SUN_STANDARD

[Global flags]
    uintx AdaptiveSizePolicyWeight                 = 90                                        {product} {command line}
     intx CICompilerCount                          = 2                                         {product} {ergonomic}
     bool EnableJVMCIProduct                       = true                                {JVMCI product} {jimage}
    uintx GCTimeRatio                              = 4                                         {product} {command line}
   size_t InitialHeapSize                          = 104857600                                 {product} {command line}
     uint JVMCIThreadsPerNativeLibraryRuntime      = 1                                   {JVMCI product} {jimage}
   size_t MaxHeapSize                              = 536870912                                 {product} {command line}
   size_t MaxNewSize                               = 178782208                                 {product} {ergonomic}
   size_t MinHeapDeltaBytes                        = 524288                                    {product} {ergonomic}
   size_t MinHeapSize                              = 104857600                                 {product} {command line}
   size_t NewSize                                  = 34603008                                  {product} {ergonomic}
    uintx NonNMethodCodeHeapSize                   = 5826188                                {pd product} {ergonomic}
    uintx NonProfiledCodeHeapSize                  = 122916026                              {pd product} {ergonomic}
   size_t OldSize                                  = 70254592                                  {product} {ergonomic}
    uintx ProfiledCodeHeapSize                     = 122916026                              {pd product} {ergonomic}
    uintx ReservedCodeCacheSize                    = 251658240                              {pd product} {ergonomic}
     bool SegmentedCodeCache                       = true                                      {product} {ergonomic}
   size_t SoftMaxHeapSize                          = 536870912                              {manageable} {ergonomic}
     intx ThreadPriorityPolicy                     = 1                                         {product} {jimage}
     bool UseCompressedClassPointers               = true                           {product lp64_product} {ergonomic}
     bool UseCompressedOops                        = true                           {product lp64_product} {ergonomic}
     bool UseParallelGC                            = true                                      {product} {command line}

Logging:
Log output configuration:
 #0: stdout all=warning uptime,level,tags
 #1: stderr all=off uptime,level,tags

Environment Variables:
JAVA_HOME=/nix/store/gpxl5qgg8kicmcvivwmybwjlpf7wh20l-graalvm17-ce-22.3.0
PATH=/nix/store/1d6ian3r8kdzspw8hacjhl3xkp40g1lj-binutils-wrapper-2.39/bin:/nix/store/dq0xwmsk1g0i2ayg6pb7y87na2knzylh-gcc-wrapper-11.3.0/bin:/nix/store/bap4d0lpcrhpwmpb8ayjcgkmvfj62lnq-bash-interactive-5.1-p16/bin:/nix/store/pr5n59mb4jzmfx6kanwxly0l07p861fg-patchelf-0.15.0/bin:/nix/store/1gf2flfqnpqbr1b4p4qz2f72y42bs56r-gcc-11.3.0/bin:/nix/store/57xv61c5zi8pphjbcwxxjlgc34p61ic9-glibc-2.35-163-bin/bin:/nix/store/a7gvj343m05j2s32xcnwr35v31ynlypr-coreutils-9.1/bin:/nix/store/039g378vc3pc3dvi9dzdlrd0i4q93qwf-binutils-2.39/bin:/nix/store/gpxl5qgg8kicmcvivwmybwjlpf7wh20l-graalvm17-ce-22.3.0/bin:/nix/store/6z9ag3ihc8mq2hzsw48lhbznvzny65nz-apache-maven-3.8.6/bin:/nix/store/m6gcpi1ii6rghy04cjwjddcavv7i90df-jdt-language-server-1.9.0/bin:/nix/store/84xs5alhs01zrbr4ywm05kxbjbp5590l-java-debug/bin:/nix/store/mydc6f4k2z73xlcz7ilif3v2lcaiqvza-findutils-4.9.0/bin:/nix/store/j9p3g8472iijd50vhdprx0nmk2fqn5gv-diffutils-3.8/bin:/nix/store/89zs7rms6x00xfq4dq6m7mjnhkr8a6r4-gnused-4.8/bin:/nix/store/86bp03jkmsl6f92w0yzg4s59g5mhxwmy-gnugrep-3.7/bin:/nix/store/hwcdqw4jrjnd37wxqgsd47hd0j8bnj09-gawk-5.1.1/bin:/nix/store/cfbhw8r8ags41vwqaz47r583d0p4h4a1-gnutar-1.34/bin:/nix/store/p3m1ndl1lapwrlh698bnb5lvvxh67378-gzip-1.12/bin:/nix/store/a8mhcagrsly7c7mpjrpsnaahk4aax056-bzip2-1.0.8-bin/bin:/nix/store/mblgz65m3zv9x548a3d5m96fj2pbwr09-gnumake-4.3/bin:/nix/store/dsd5gz46hdbdk2rfdimqddhq6m8m8fqs-bash-5.1-p16/bin:/nix/store/v7ljksji50mg3w61dykaa3n3y79n6nil-patch-2.7.6/bin:/nix/store/zlcnmqq14jz5x9439jf937mvayyl63da-xz-5.2.7-bin/bin:/nix/store/y6aj732zm9m87c82fpvf103a1xb22blp-file-5.43/bin:/nix/store/i4kzir3m7mrisxmf5xvlnkw01x4qaqr4-prybar-elisp-0.0.0-e0d9a52/bin:/nix/store/lwwivxf6h7x3cvxp9zv8sj0mv7dak99r-prybar-lua-0.0.0-e0d9a52/bin:/nix/store/gxj28g1cg4hq3qanmjv07156h800qr58-prybar-python3-0.0.0-e0d9a52/bin:/nix/store/hshkjnxrgidigf8x75vg6lqng2xlx9i3-prybar-sqlite-0.0.0-e0d9a52/bin:/nix/store/c4w01bpjgyy5ixmwdk8m1pw87zq4sl26-prybar-tcl-0.0.0-e0d9a52/bin:/nix/store/hpbvrlwd5viqmvcaisb3x0118i913a9n-st
LD_LIBRARY_PATH=/nix/store/a4pff549sk2idnkpzk5nsfps3mdkdnvm-cups-2.4.2-lib/lib:/nix/store/72mqxxhh3cy5yifh92wh2yb8cl2hikyy-cairo-1.16.0/lib:/nix/store/2k366jrbsra97gjfxwvrhvixjfxdach5-glib-2.74.1/lib:/nix/store/2j2znigd8ak37rlwh9khz0ry3clqlw1l-gtk+3-3.24.34/lib:/nix/store/hisqvx32cd57apbpcsnkpx6k3549wql1-libglvnd-1.4.0/lib:/nix/store/p36pgcv991mq5srvg765b78yqpxvk3qs-mesa-21.3.3-drivers/lib:/nix/store/mav4251if1ahjq5vkpwycyyvnmy459c4-pulseaudio-14.2/lib
DISPLAY=:0
LANG=en_US.UTF-8

Signal Handlers:
   SIGSEGV: crash_handler in libjvm.so, mask=11100100010111111101111111111110, flags=SA_RESTART|SA_SIGINFO
    SIGBUS: crash_handler in libjvm.so, mask=11100100010111111101111111111110, flags=SA_RESTART|SA_SIGINFO
    SIGFPE: crash_handler in libjvm.so, mask=11100100010111111101111111111110, flags=SA_RESTART|SA_SIGINFO
   SIGPIPE: IsolateEnterStub_IgnoreSIGPIPEStartupHook_noopSignalHandler_8f19bff2f35b5f630d83b364d6b2339320d4ec70_216e8361c6bc87a8f89f58cc10d3b2fd4415bf87 in libjvmcicompiler.so, mask=00000000000000000000000000000000, flags=SA_RESTART
  *** Handler was modified!
  *** Expected: javaSignalHandler in libjvm.so, mask=11100100110111111111111111111110, flags=SA_RESTART|SA_SIGINFO
   SIGXFSZ: javaSignalHandler in libjvm.so, mask=11100100010111111101111111111110, flags=SA_RESTART|SA_SIGINFO
    SIGILL: crash_handler in libjvm.so, mask=11100100010111111101111111111110, flags=SA_RESTART|SA_SIGINFO
   SIGUSR2: SR_handler in libjvm.so, mask=00000000000000000000000000000000, flags=SA_RESTART|SA_SIGINFO
    SIGHUP: UserHandler in libjvm.so, mask=11100100010111111101111111111110, flags=SA_RESTART|SA_SIGINFO
    SIGINT: UserHandler in libjvm.so, mask=11100100010111111101111111111110, flags=SA_RESTART|SA_SIGINFO
   SIGTERM: UserHandler in libjvm.so, mask=11100100010111111101111111111110, flags=SA_RESTART|SA_SIGINFO
   SIGQUIT: UserHandler in libjvm.so, mask=11100100010111111101111111111110, flags=SA_RESTART|SA_SIGINFO
  *** Handler was modified!
  *** Expected: javaSignalHandler in libjvm.so, mask=11100100110111111111111111111110, flags=SA_RESTART|SA_SIGINFO
   SIGTRAP: crash_handler in libjvm.so, mask=11100100010111111101111111111110, flags=SA_RESTART|SA_SIGINFO


---------------  S Y S T E M  ---------------

OS:
DISTRIB_ID=Ubuntu
DISTRIB_RELEASE=20.04
DISTRIB_CODENAME=focal
DISTRIB_DESCRIPTION="Ubuntu 20.04.2 LTS"
uname: Linux 5.15.0-1032-gcp #40~20.04.1-Ubuntu SMP Tue Apr 11 02:49:52 UTC 2023 x86_64
OS uptime: 0 days 8:41 hours
libc: glibc 2.35 NPTL 2.35 
rlimit (soft/hard): STACK 8192k/infinity , CORE infinity/infinity , NPROC infinity/infinity , NOFILE 5242/5242 , AS infinity/infinity , CPU infinity/infinity , DATA infinity/infinity , FSIZE infinity/infinity , MEMLOCK 64k/64k
load average: 12.97 16.20 17.42

/proc/meminfo:
MemTotal:       65852700 kB
MemFree:        17203624 kB
MemAvailable:   40693172 kB
Buffers:         2830816 kB
Cached:         19307496 kB
SwapCached:            0 kB
Active:          9971116 kB
Inactive:       33562416 kB
Active(anon):      16492 kB
Inactive(anon): 21171948 kB
Active(file):    9954624 kB
Inactive(file): 12390468 kB
Unevictable:       42908 kB
Mlocked:           42908 kB
SwapTotal:             0 kB
SwapFree:              0 kB
Dirty:              5880 kB
Writeback:             0 kB
AnonPages:      20363444 kB
Mapped:          2271020 kB
Shmem:             64156 kB
KReclaimable:    1871056 kB
Slab:            4033704 kB
SReclaimable:    1871056 kB
SUnreclaim:      2162648 kB
KernelStack:      414020 kB
PageTables:       218180 kB
NFS_Unstable:          0 kB
Bounce:                0 kB
WritebackTmp:          0 kB
CommitLimit:    32926348 kB
Committed_AS:   71626000 kB
VmallocTotal:   34359738367 kB
VmallocUsed:      460156 kB
VmallocChunk:          0 kB
Percpu:            75648 kB
HardwareCorrupted:     0 kB
AnonHugePages:   2838528 kB
ShmemHugePages:        0 kB
ShmemPmdMapped:        0 kB
FileHugePages:         0 kB
FilePmdMapped:         0 kB
HugePages_Total:       0
HugePages_Free:        0
HugePages_Rsvd:        0
HugePages_Surp:        0
Hugepagesize:       2048 kB
Hugetlb:               0 kB
DirectMap4k:     5708600 kB
DirectMap2M:    53008384 kB
DirectMap1G:    10485760 kB

/sys/kernel/mm/transparent_hugepage/enabled: always [madvise] never
/sys/kernel/mm/transparent_hugepage/defrag (defrag/compaction efforts parameter): always defer defer+madvise [madvise] never

Process Memory:
Virtual Size: 5263452K (peak: 5294912K)
Resident Set Size: 776844K (peak: 826488K) (anon: 579468K, file: 197376K, shmem: 0K)
Swapped out: 0K
C-Heap outstanding allocations: 41943K, retained: 17364K
glibc malloc tunables: (default)

/proc/sys/kernel/threads-max (system-wide limit on the number of threads): 514406
/proc/sys/vm/max_map_count (maximum number of memory map areas a process may have): 65530
/proc/sys/kernel/pid_max (system-wide limit on number of process identifiers): 4194304

container (cgroup) information:
container_type: cgroupv1
cpu_cpuset_cpus: 2-7
cpu_memory_nodes: 0
active_processor_count: 1
cpu_quota: 50000
cpu_period: 100000
cpu_shares: 512
memory_limit_in_bytes: 1048576 k
memory_and_swap_limit_in_bytes: 1048576 k
memory_soft_limit_in_bytes: 524288 k
memory_usage_in_bytes: 635788 k
memory_max_usage_in_bytes: 1048580 k
maximum number of tasks: 1000
current number of tasks: 52

KVM virtualization detected
Steal ticks since vm start: 0
Steal ticks percentage since vm start:  0.000

CPU: total 8 (initial active 1) (8 cores per cpu, 2 threads per core) family 23 model 49 stepping 0 microcode 0xffffffff, cx8, cmov, fxsr, ht, mmx, 3dnowpref, sse, sse2, sse3, ssse3, sse4a, sse4.1, sse4.2, popcnt, lzcnt, tsc, tscinvbit, avx, avx2, aes, clmul, bmi1, bmi2, adx, sha, fma, vzeroupper, clflush, clflushopt, hv
CPU Model and flags from /proc/cpuinfo:
model name	: AMD EPYC 7B12
flags		: fpu vme de pse tsc msr pae mce cx8 apic sep mtrr pge mca cmov pat pse36 clflush mmx fxsr sse sse2 ht syscall nx mmxext fxsr_opt pdpe1gb rdtscp lm constant_tsc rep_good nopl nonstop_tsc cpuid extd_apicid tsc_known_freq pni pclmulqdq ssse3 fma cx16 sse4_1 sse4_2 movbe popcnt aes xsave avx f16c rdrand hypervisor lahf_lm cmp_legacy cr8_legacy abm sse4a misalignsse 3dnowprefetch osvw topoext ssbd ibrs ibpb stibp vmmcall fsgsbase tsc_adjust bmi1 avx2 smep bmi2 rdseed adx smap clflushopt clwb sha_ni xsaveopt xsavec xgetbv1 clzero xsaveerptr arat npt nrip_save umip rdpid

Online cpus: 0-7
Offline cpus: 
BIOS frequency limitation: <Not Available>
Frequency switch latency (ns): <Not Available>
Available cpu frequencies: <Not Available>
Current governor: <Not Available>
Core performance/turbo boost: <Not Available>

Memory: 4k page, physical 1048576k(412784k free), swap 0k(0k free)
Page Sizes: 4k

vm_info: OpenJDK 64-Bit Server VM (17.0.5+8-jvmci-22.3-b08) for linux-amd64 JRE (17.0.5+8-jvmci-22.3-b08), built on Oct 19 2022 09:01:27 by "buildslave" with gcc 10.3.0

END.
